Episode reward: -0.950	Steps: 96	Avg. loss: 0.0	Avg. reward: -0.9500000000000006	Avg. Q: 1.0	Greedinessless: 0.85	Vanilla reward: 284.000
Episode reward: -0.950	Steps: 192	Avg. loss: 0.0	Avg. reward: -0.9500000000000006	Avg. Q: 1.0	Greedinessless: 0.7999999999999999	Vanilla reward: 284.000
Episode reward: -0.180	Steps: 312	Avg. loss: 0.0	Avg. reward: -0.6933333333333339	Avg. Q: 1.0	Greedinessless: 0.7499999999999999	Vanilla reward: 380.000
Episode reward: -0.180	Steps: 432	Avg. loss: 0.0	Avg. reward: -0.5650000000000006	Avg. Q: 1.0	Greedinessless: 0.6999999999999998	Vanilla reward: 380.000
Episode reward: -0.950	Steps: 528	Avg. loss: 0.0	Avg. reward: -0.6420000000000006	Avg. Q: 1.0	Greedinessless: 0.6499999999999998	Vanilla reward: 284.000
Episode reward: 2.820	Steps: 752	Avg. loss: 0.0	Avg. reward: -0.06499999999999766	Avg. Q: 1.0	Greedinessless: 0.5999999999999998	Vanilla reward: 796.000
Episode reward: -0.180	Steps: 872	Avg. loss: 0.0	Avg. reward: -0.0814285714285695	Avg. Q: 1.0	Greedinessless: 0.5499999999999997	Vanilla reward: 380.000
Episode reward: -0.950	Steps: 968	Avg. loss: 0.0	Avg. reward: -0.1899999999999984	Avg. Q: 1.0	Greedinessless: 0.4999999999999997	Vanilla reward: 284.000
Episode reward: 1.360	Steps: 1136	Avg. loss: 0.004666162492252196	Avg. reward: -0.017777777777776463	Avg. Q: 0.9892105156230548	Greedinessless: 0.44999999999999973	Vanilla reward: 572.000
Episode reward: -0.950	Steps: 1232	Avg. loss: 0.003504773633229282	Avg. reward: -0.11099999999999888	Avg. Q: 0.9796726213147243	Greedinessless: 0.39999999999999974	Vanilla reward: 284.000
Episode reward: 0.590	Steps: 1376	Avg. loss: 0.003752009093798531	Avg. reward: -0.04727272727272635	Avg. Q: 0.9774523541607238	Greedinessless: 0.34999999999999976	Vanilla reward: 476.000
Episode reward: -0.950	Steps: 1472	Avg. loss: 0.004351382378975662	Avg. reward: -0.1224999999999992	Avg. Q: 0.9717506749762429	Greedinessless: 0.29999999999999977	Vanilla reward: 284.000
Episode reward: -0.180	Steps: 1592	Avg. loss: 0.00767122878301052	Avg. reward: -0.12692307692307622	Avg. Q: 0.9748662864168485	Greedinessless: 0.24999999999999978	Vanilla reward: 380.000
Episode reward: -0.950	Steps: 1688	Avg. loss: 0.004788889999000882	Avg. reward: -0.1857142857142851	Avg. Q: 0.9899871214810345	Greedinessless: 0.1999999999999998	Vanilla reward: 284.000
Episode reward: -0.180	Steps: 1808	Avg. loss: 0.0065531418224964	Avg. reward: -0.18533333333333282	Avg. Q: 0.9744337979290221	Greedinessless: 0.1499999999999998	Vanilla reward: 380.000
Episode reward: -0.950	Steps: 1904	Avg. loss: 0.005224537275997439	Avg. reward: -0.23312499999999955	Avg. Q: 0.9810992100586494	Greedinessless: 0.0999999999999998	Vanilla reward: 284.000
Episode reward: 0.670	Steps: 2040	Avg. loss: 0.00732512734145316	Avg. reward: -0.17999999999999966	Avg. Q: 0.9777979979328081	Greedinessless: 0.049999999999999795	Vanilla reward: 444.000
Episode reward: 1.360	Steps: 2208	Avg. loss: 0.005372788038455058	Avg. reward: -0.09444444444444373	Avg. Q: 0.950687963811178	Greedinessless: 0.02	Vanilla reward: 572.000
Episode reward: -0.950	Steps: 2304	Avg. loss: 0.005997921135152258	Avg. reward: -0.13947368421052567	Avg. Q: 0.9696821562118001	Greedinessless: 0.02	Vanilla reward: 284.000
Episode reward: -0.180	Steps: 2424	Avg. loss: 0.0072063585672064315	Avg. reward: -0.14149999999999943	Avg. Q: 0.9736804821425014	Greedinessless: 0.02	Vanilla reward: 380.000
Episode reward: -0.950	Steps: 2520	Avg. loss: 0.0026001370684601475	Avg. reward: -0.1799999999999995	Avg. Q: 0.9691942708773745	Greedinessless: 0.02	Vanilla reward: 284.000
Episode reward: -0.180	Steps: 2640	Avg. loss: 0.005111989977255386	Avg. reward: -0.17999999999999952	Avg. Q: 0.9629646094308959	Greedinessless: 0.02	Vanilla reward: 380.000
Episode reward: 1.440	Steps: 2800	Avg. loss: 0.004611237904668997	Avg. reward: -0.10956521739130397	Avg. Q: 0.9648821490506331	Greedinessless: 0.02	Vanilla reward: 540.000
Episode reward: -0.180	Steps: 2920	Avg. loss: 0.005683771620139547	Avg. reward: -0.11249999999999966	Avg. Q: 0.9638068427642187	Greedinessless: 0.02	Vanilla reward: 380.000
Episode reward: -0.180	Steps: 3040	Avg. loss: 0.006825389839165533	Avg. reward: -0.11519999999999969	Avg. Q: 0.9652679582436879	Greedinessless: 0.02	Vanilla reward: 380.000
Episode reward: -0.950	Steps: 3136	Avg. loss: 0.005055813677624125	Avg. reward: -0.14730769230769203	Avg. Q: 0.9326093734966384	Greedinessless: 0.02	Vanilla reward: 284.000
Episode reward: 3.590	Steps: 3384	Avg. loss: 0.00559957867614186	Avg. reward: -0.008888888888887976	Avg. Q: 0.9467456964074924	Greedinessless: 0.02	Vanilla reward: 892.000
Episode reward: -0.100	Steps: 3496	Avg. loss: 0.005410133982552777	Avg. reward: -0.012142857142856286	Avg. Q: 0.9353030320434343	Greedinessless: 0.02	Vanilla reward: 348.000
Episode reward: -1.030	Steps: 3600	Avg. loss: 0.006205004012791995	Avg. reward: -0.04724137931034402	Avg. Q: 0.9461024220173175	Greedinessless: 0.02	Vanilla reward: 316.000
Episode reward: -0.180	Steps: 3720	Avg. loss: 0.004059182740153725	Avg. reward: -0.0516666666666659	Avg. Q: 0.9427927734123336	Greedinessless: 0.02	Vanilla reward: 380.000
Episode reward: -0.950	Steps: 3816	Avg. loss: 0.009239168863208155	Avg. reward: -0.08064516129032187	Avg. Q: 0.9565937916437784	Greedinessless: 0.02	Vanilla reward: 284.000
Episode reward: -0.180	Steps: 3936	Avg. loss: 0.005999037978835986	Avg. reward: -0.08374999999999932	Avg. Q: 0.9472560912370682	Greedinessless: 0.02	Vanilla reward: 380.000
Episode reward: -1.030	Steps: 4040	Avg. loss: 0.007122476751856783	Avg. reward: -0.11242424242424179	Avg. Q: 0.9433544593361708	Greedinessless: 0.02	Vanilla reward: 316.000
Episode reward: -0.180	Steps: 4160	Avg. loss: 0.0048508814412343785	Avg. reward: -0.11441176470588175	Avg. Q: 0.9237353886167209	Greedinessless: 0.02	Vanilla reward: 380.000
Episode reward: 0.590	Steps: 4304	Avg. loss: 0.004292519500470209	Avg. reward: -0.09428571428571374	Avg. Q: 0.9076445912597356	Greedinessless: 0.02	Vanilla reward: 476.000
Episode reward: 1.520	Steps: 4456	Avg. loss: 0.004458539739253435	Avg. reward: -0.04944444444444367	Avg. Q: 0.9109821839813601	Greedinessless: 0.02	Vanilla reward: 508.000
Episode reward: -0.950	Steps: 4552	Avg. loss: 0.00764535999724103	Avg. reward: -0.07378378378378306	Avg. Q: 0.9238687716424465	Greedinessless: 0.02	Vanilla reward: 284.000
Episode reward: -0.950	Steps: 4648	Avg. loss: 0.007253286726457493	Avg. reward: -0.0968421052631572	Avg. Q: 0.9233748397479454	Greedinessless: 0.02	Vanilla reward: 284.000
Episode reward: 3.670	Steps: 4888	Avg. loss: 0.004979960806849704	Avg. reward: -0.0002564102564090781	Avg. Q: 0.9153535804814763	Greedinessless: 0.02	Vanilla reward: 860.000
Episode reward: 9.220	Steps: 5280	Avg. loss: 0.0059935662752743195	Avg. reward: 0.23025000000000267	Avg. Q: 0.9248570936168132	Greedinessless: 0.02	Vanilla reward: 1468.000
Episode reward: -0.100	Steps: 5392	Avg. loss: 0.007487855754334305	Avg. reward: 0.2221951219512221	Avg. Q: 0.9344662816396782	Greedinessless: 0.02	Vanilla reward: 348.000
Episode reward: -0.950	Steps: 5488	Avg. loss: 0.0036871913874468496	Avg. reward: 0.19428571428571678	Avg. Q: 0.922196640736527	Greedinessless: 0.02	Vanilla reward: 284.000
Episode reward: 0.670	Steps: 5624	Avg. loss: 0.007706431680429994	Avg. reward: 0.20534883720930472	Avg. Q: 0.920172828377462	Greedinessless: 0.02	Vanilla reward: 444.000
Episode reward: -0.180	Steps: 5744	Avg. loss: 0.006480410930210686	Avg. reward: 0.19659090909091145	Avg. Q: 0.9172147063745393	Greedinessless: 0.02	Vanilla reward: 380.000
Episode reward: 6.670	Steps: 6088	Avg. loss: 0.00498220150286723	Avg. reward: 0.34044444444444777	Avg. Q: 0.9169492320727932	Greedinessless: 0.02	Vanilla reward: 1276.000
Episode reward: -0.180	Steps: 6208	Avg. loss: 0.004570217320239559	Avg. reward: 0.3291304347826119	Avg. Q: 0.9057780707875888	Greedinessless: 0.02	Vanilla reward: 380.000
Episode reward: 1.440	Steps: 6368	Avg. loss: 0.0075949936882352635	Avg. reward: 0.3527659574468117	Avg. Q: 0.9036146649469932	Greedinessless: 0.02	Vanilla reward: 540.000
Episode reward: 0.670	Steps: 6504	Avg. loss: 0.004495976722811225	Avg. reward: 0.3593750000000031	Avg. Q: 0.9075887970188085	Greedinessless: 0.02	Vanilla reward: 444.000
Episode reward: -0.100	Steps: 6616	Avg. loss: 0.006282964602568037	Avg. reward: 0.35000000000000303	Avg. Q: 0.9048851471216905	Greedinessless: 0.02	Vanilla reward: 348.000
Episode reward: 3.430	Steps: 6880	Avg. loss: 0.006411164976022767	Avg. reward: 0.41160000000000335	Avg. Q: 0.9059153522054354	Greedinessless: 0.02	Vanilla reward: 956.000
Episode reward: -0.950	Steps: 6976	Avg. loss: 0.0065389757652762155	Avg. reward: 0.38490196078431704	Avg. Q: 0.904550156245629	Greedinessless: 0.02	Vanilla reward: 284.000
Episode reward: 16.980	Steps: 7501	Avg. loss: 0.005707960249567298	Avg. reward: 0.7040384615384656	Avg. Q: 0.9024502319002908	Greedinessless: 0.02	Vanilla reward: 2100.000
Episode reward: 3.830	Steps: 7725	Avg. loss: 0.004909781149763148	Avg. reward: 0.763018867924533	Avg. Q: 0.9077292757907084	Greedinessless: 0.02	Vanilla reward: 796.000
Episode reward: 3.510	Steps: 7981	Avg. loss: 0.006648672978371906	Avg. reward: 0.8138888888888938	Avg. Q: 0.9081552914188554	Greedinessless: 0.02	Vanilla reward: 924.000
Episode reward: 0.590	Steps: 8125	Avg. loss: 0.006087481133969656	Avg. reward: 0.8098181818181865	Avg. Q: 0.9168842684615541	Greedinessless: 0.02	Vanilla reward: 476.000
Episode reward: 6.990	Steps: 8437	Avg. loss: 0.007695063959078816	Avg. reward: 0.9201785714285767	Avg. Q: 0.9250469968104974	Greedinessless: 0.02	Vanilla reward: 1148.000
Episode reward: 1.360	Steps: 8605	Avg. loss: 0.00541744954673396	Avg. reward: 0.9278947368421105	Avg. Q: 0.9190615487713663	Greedinessless: 0.02	Vanilla reward: 572.000
Episode reward: 0.590	Steps: 8749	Avg. loss: 0.005164607622848255	Avg. reward: 0.9220689655172465	Avg. Q: 0.9258694323124709	Greedinessless: 0.02	Vanilla reward: 476.000
Episode reward: -0.180	Steps: 8869	Avg. loss: 0.005218216850577543	Avg. reward: 0.9033898305084795	Avg. Q: 0.9053843044572406	Greedinessless: 0.02	Vanilla reward: 380.000
Episode reward: 0.750	Steps: 8997	Avg. loss: 0.00689659146246413	Avg. reward: 0.9008333333333383	Avg. Q: 0.9266105025696257	Greedinessless: 0.02	Vanilla reward: 412.000
Episode reward: -0.180	Steps: 9117	Avg. loss: 0.006931544902424018	Avg. reward: 0.8831147540983655	Avg. Q: 0.8742967872156038	Greedinessless: 0.02	Vanilla reward: 380.000
Episode reward: 2.740	Steps: 9349	Avg. loss: 0.006522803461472182	Avg. reward: 0.9130645161290374	Avg. Q: 0.9051893784225672	Greedinessless: 0.02	Vanilla reward: 828.000
Episode reward: 1.360	Steps: 9517	Avg. loss: 0.006103408021902267	Avg. reward: 0.9201587301587353	Avg. Q: 0.9053971141813293	Greedinessless: 0.02	Vanilla reward: 572.000
Episode reward: -0.020	Steps: 9621	Avg. loss: 0.003212796572300319	Avg. reward: 0.905468750000005	Avg. Q: 0.9218761739440453	Greedinessless: 0.02	Vanilla reward: 316.000
Episode reward: 1.810	Steps: 9845	Avg. loss: 0.006040166861306976	Avg. reward: 0.9193846153846204	Avg. Q: 0.9020831710880711	Greedinessless: 0.02	Vanilla reward: 796.000
Episode reward: 0.750	Steps: 9973	Avg. loss: 0.006881908350806043	Avg. reward: 0.9168181818181868	Avg. Q: 0.8769069779664278	Greedinessless: 0.02	Vanilla reward: 412.000
Episode reward: 1.360	Steps: 10141	Avg. loss: 0.00791198205080859	Avg. reward: 0.9234328358209005	Avg. Q: 0.8842987373234734	Greedinessless: 0.02	Vanilla reward: 572.000
Episode reward: -0.180	Steps: 10261	Avg. loss: 0.006770048624215027	Avg. reward: 0.9072058823529461	Avg. Q: 0.8663130445612801	Greedinessless: 0.02	Vanilla reward: 380.000
Episode reward: 11.480	Steps: 10629	Avg. loss: 0.0066780392264026095	Avg. reward: 1.0604347826087013	Avg. Q: 0.9139855085075765	Greedinessless: 0.02	Vanilla reward: 1372.000
Episode reward: 0.670	Steps: 10765	Avg. loss: 0.006191071995999664	Avg. reward: 1.0548571428571485	Avg. Q: 0.8972664609843609	Greedinessless: 0.02	Vanilla reward: 444.000
Episode reward: 1.360	Steps: 10933	Avg. loss: 0.005724415354918511	Avg. reward: 1.0591549295774703	Avg. Q: 0.9189242778552903	Greedinessless: 0.02	Vanilla reward: 572.000
Episode reward: -0.180	Steps: 11053	Avg. loss: 0.009704351312636087	Avg. reward: 1.0419444444444497	Avg. Q: 0.9030932502614127	Greedinessless: 0.02	Vanilla reward: 380.000
Episode reward: 3.060	Steps: 11253	Avg. loss: 0.007205935831880197	Avg. reward: 1.069589041095896	Avg. Q: 0.9057526699701945	Greedinessless: 0.02	Vanilla reward: 700.000
Episode reward: 0.590	Steps: 11397	Avg. loss: 0.0073712522975660656	Avg. reward: 1.0631081081081135	Avg. Q: 0.8970625526099293	Greedinessless: 0.02	Vanilla reward: 476.000
Episode reward: -0.100	Steps: 11509	Avg. loss: 0.006091301645418363	Avg. reward: 1.0476000000000054	Avg. Q: 0.9269844763690517	Greedinessless: 0.02	Vanilla reward: 348.000
Episode reward: 9.060	Steps: 11917	Avg. loss: 0.006934212341530285	Avg. reward: 1.15302631578948	Avg. Q: 0.92652633104449	Greedinessless: 0.02	Vanilla reward: 1532.000
Episode reward: 5.850	Steps: 12141	Avg. loss: 0.00917305559934383	Avg. reward: 1.2140259740259807	Avg. Q: 0.9104371152463413	Greedinessless: 0.02	Vanilla reward: 796.000
Episode reward: 22.030	Steps: 12666	Avg. loss: 0.008314516609499075	Avg. reward: 1.4808974358974414	Avg. Q: 0.9282807305124071	Greedinessless: 0.02	Vanilla reward: 2100.000
Episode reward: 6.300	Steps: 12946	Avg. loss: 0.007910524938987301	Avg. reward: 1.5418987341772212	Avg. Q: 0.8678372923107375	Greedinessless: 0.02	Vanilla reward: 1020.000
Episode reward: 1.520	Steps: 13098	Avg. loss: 0.009085121252083857	Avg. reward: 1.5416250000000058	Avg. Q: 0.8934331758503329	Greedinessless: 0.02	Vanilla reward: 508.000
Episode reward: -0.180	Steps: 13218	Avg. loss: 0.007734257386376461	Avg. reward: 1.5203703703703761	Avg. Q: 0.8249221493800482	Greedinessless: 0.02	Vanilla reward: 380.000
Episode reward: 10.070	Steps: 13626	Avg. loss: 0.009411436934754545	Avg. reward: 1.62463414634147	Avg. Q: 0.9220322797598403	Greedinessless: 0.02	Vanilla reward: 1532.000
Episode reward: 2.820	Steps: 13850	Avg. loss: 0.009179331376799382	Avg. reward: 1.63903614457832	Avg. Q: 0.9365623061146054	Greedinessless: 0.02	Vanilla reward: 796.000
Episode reward: -0.180	Steps: 13970	Avg. loss: 0.009636564634274692	Avg. reward: 1.617380952380959	Avg. Q: 0.884125499592887	Greedinessless: 0.02	Vanilla reward: 380.000
Episode reward: 0.750	Steps: 14098	Avg. loss: 0.008149855930241756	Avg. reward: 1.6071764705882419	Avg. Q: 0.8070910382084548	Greedinessless: 0.02	Vanilla reward: 412.000
Episode reward: 15.970	Steps: 14623	Avg. loss: 0.009846183519813994	Avg. reward: 1.7741860465116344	Avg. Q: 0.9286567251265995	Greedinessless: 0.02	Vanilla reward: 2100.000
Episode reward: 23.040	Steps: 15148	Avg. loss: 0.008857700642141881	Avg. reward: 2.0186206896551773	Avg. Q: 1.0023977867005363	Greedinessless: 0.02	Vanilla reward: 2100.000
Episode reward: 23.040	Steps: 15673	Avg. loss: 0.010133290002193615	Avg. reward: 2.2575000000000034	Avg. Q: 1.0255205824640061	Greedinessless: 0.02	Vanilla reward: 2100.000
Episode reward: 10.020	Steps: 15985	Avg. loss: 0.011231255129528925	Avg. reward: 2.3447191011235993	Avg. Q: 0.9250444676886257	Greedinessless: 0.02	Vanilla reward: 1148.000
Episode reward: 2.050	Steps: 16185	Avg. loss: 0.011365983239375054	Avg. reward: 2.341444444444449	Avg. Q: 0.9119166917602222	Greedinessless: 0.02	Vanilla reward: 700.000
Episode reward: 31.120	Steps: 16710	Avg. loss: 0.011325741135195353	Avg. reward: 2.6576923076923076	Avg. Q: 1.0662959971503605	Greedinessless: 0.02	Vanilla reward: 2100.000
Episode reward: 25.060	Steps: 17235	Avg. loss: 0.011952377032872488	Avg. reward: 2.901195652173911	Avg. Q: 1.167939680114625	Greedinessless: 0.02	Vanilla reward: 2100.000
Episode reward: 11.270	Steps: 17523	Avg. loss: 0.01367172679036028	Avg. reward: 2.991182795698923	Avg. Q: 1.057515823178821	Greedinessless: 0.02	Vanilla reward: 1052.000
Episode reward: 27.080	Steps: 18048	Avg. loss: 0.012365067848639394	Avg. reward: 3.247446808510633	Avg. Q: 1.2174273567729526	Greedinessless: 0.02	Vanilla reward: 2100.000
Episode reward: 19.050	Steps: 18568	Avg. loss: 0.012818653260071117	Avg. reward: 3.413789473684204	Avg. Q: 1.1653013388315836	Greedinessless: 0.02	Vanilla reward: 1980.000
Episode reward: 1.680	Steps: 18704	Avg. loss: 0.01475304169306422	Avg. reward: 3.3957291666666602	Avg. Q: 0.9461597141389754	Greedinessless: 0.02	Vanilla reward: 444.000
Episode reward: 0.750	Steps: 18832	Avg. loss: 0.01314613765134709	Avg. reward: 3.368453608247416	Avg. Q: 0.9355318370896081	Greedinessless: 0.02	Vanilla reward: 412.000
Episode reward: 0.910	Steps: 18944	Avg. loss: 0.01384314602806366	Avg. reward: 3.3433673469387695	Avg. Q: 0.9400798160405386	Greedinessless: 0.02	Vanilla reward: 348.000
Episode reward: 30.110	Steps: 19469	Avg. loss: 0.013072299454645574	Avg. reward: 3.6137373737373664	Avg. Q: 1.3675871447532897	Greedinessless: 0.02	Vanilla reward: 2100.000
Episode reward: 1.600	Steps: 19613	Avg. loss: 0.015114449824775673	Avg. reward: 3.593599999999993	Avg. Q: 1.0101964370244079	Greedinessless: 0.02	Vanilla reward: 476.000
Episode reward: 10.390	Steps: 19989	Avg. loss: 0.01250491118890808	Avg. reward: 3.706999999999993	Avg. Q: 1.1382780091453952	Greedinessless: 0.02	Vanilla reward: 1404.000
Episode reward: 12.490	Steps: 20357	Avg. loss: 0.0158404043708604	Avg. reward: 3.8413999999999935	Avg. Q: 1.2674558358671872	Greedinessless: 0.02	Vanilla reward: 1372.000
Episode reward: 12.250	Steps: 20749	Avg. loss: 0.014573766997236073	Avg. reward: 3.9656999999999942	Avg. Q: 1.1679338150385286	Greedinessless: 0.02	Vanilla reward: 1468.000
Episode reward: 28.090	Steps: 21274	Avg. loss: 0.014132977920079618	Avg. reward: 4.248399999999992	Avg. Q: 1.3869322991371156	Greedinessless: 0.02	Vanilla reward: 2100.000
Episode reward: 24.050	Steps: 21799	Avg. loss: 0.014061473327767075	Avg. reward: 4.49839999999999	Avg. Q: 1.374687269869305	Greedinessless: 0.02	Vanilla reward: 2100.000
Episode reward: 27.080	Steps: 22324	Avg. loss: 0.01463292334510973	Avg. reward: 4.740999999999988	Avg. Q: 1.4477659328021701	Greedinessless: 0.02	Vanilla reward: 2100.000
Episode reward: 32.130	Steps: 22849	Avg. loss: 0.019012588126058796	Avg. reward: 5.064099999999985	Avg. Q: 1.539049333807022	Greedinessless: 0.02	Vanilla reward: 2100.000
Episode reward: 23.040	Steps: 23374	Avg. loss: 0.017394764995813824	Avg. reward: 5.303999999999984	Avg. Q: 1.4263161551763142	Greedinessless: 0.02	Vanilla reward: 2100.000
Episode reward: 22.030	Steps: 23899	Avg. loss: 0.01741764205330201	Avg. reward: 5.510699999999982	Avg. Q: 1.3821014699481782	Greedinessless: 0.02	Vanilla reward: 2100.000
Episode reward: 11.560	Steps: 24259	Avg. loss: 0.018681577091208764	Avg. reward: 5.635799999999982	Avg. Q: 1.4780860667979276	Greedinessless: 0.02	Vanilla reward: 1340.000
Episode reward: 13.340	Steps: 24643	Avg. loss: 0.02027503397645584	Avg. reward: 5.763299999999983	Avg. Q: 1.365822018072423	Greedinessless: 0.02	Vanilla reward: 1436.000
Episode reward: 28.090	Steps: 25168	Avg. loss: 0.01822404173788417	Avg. reward: 6.05369999999998	Avg. Q: 1.6736489657750206	Greedinessless: 0.02	Vanilla reward: 2100.000
Episode reward: 13.580	Steps: 25528	Avg. loss: 0.017284873008934987	Avg. reward: 6.1912999999999805	Avg. Q: 1.4763846038668245	Greedinessless: 0.02	Vanilla reward: 1340.000
Episode reward: 25.060	Steps: 26053	Avg. loss: 0.01719214585218721	Avg. reward: 6.451399999999978	Avg. Q: 1.5721641317624895	Greedinessless: 0.02	Vanilla reward: 2100.000
Episode reward: 25.060	Steps: 26578	Avg. loss: 0.018991415136500853	Avg. reward: 6.703799999999976	Avg. Q: 1.7447934073493594	Greedinessless: 0.02	Vanilla reward: 2100.000
Episode reward: 30.110	Steps: 27103	Avg. loss: 0.017261285924900123	Avg. reward: 7.014399999999972	Avg. Q: 1.7437631707721286	Greedinessless: 0.02	Vanilla reward: 2100.000
Episode reward: 23.040	Steps: 27628	Avg. loss: 0.018941289829936894	Avg. reward: 7.23809999999997	Avg. Q: 1.8047054009588939	Greedinessless: 0.02	Vanilla reward: 2100.000
Episode reward: 22.030	Steps: 28153	Avg. loss: 0.0194760030277699	Avg. reward: 7.444799999999967	Avg. Q: 1.7420160007476806	Greedinessless: 0.02	Vanilla reward: 2100.000
Episode reward: 22.030	Steps: 28678	Avg. loss: 0.020731763366808872	Avg. reward: 7.674599999999966	Avg. Q: 1.8654661245194692	Greedinessless: 0.02	Vanilla reward: 2100.000
Episode reward: 15.280	Steps: 29070	Avg. loss: 0.020124488367642066	Avg. reward: 7.8291999999999655	Avg. Q: 1.582368949491556	Greedinessless: 0.02	Vanilla reward: 1468.000
Episode reward: 33.140	Steps: 29595	Avg. loss: 0.019597685936738857	Avg. reward: 8.17009999999996	Avg. Q: 1.9035771553478544	Greedinessless: 0.02	Vanilla reward: 2100.000
Episode reward: 19.850	Steps: 30035	Avg. loss: 0.017860625976357947	Avg. reward: 8.37039999999996	Avg. Q: 1.6997034574548404	Greedinessless: 0.02	Vanilla reward: 1660.000
Episode reward: 21.020	Steps: 30560	Avg. loss: 0.02079596114344895	Avg. reward: 8.566199999999958	Avg. Q: 1.8705768920504857	Greedinessless: 0.02	Vanilla reward: 2100.000
Episode reward: 3.380	Steps: 30728	Avg. loss: 0.018804147706500123	Avg. reward: 8.601799999999958	Avg. Q: 1.279109948211246	Greedinessless: 0.02	Vanilla reward: 572.000
Episode reward: 32.130	Steps: 31253	Avg. loss: 0.02117707461068933	Avg. reward: 8.924899999999953	Avg. Q: 1.8648838879191687	Greedinessless: 0.02	Vanilla reward: 2100.000
Episode reward: 26.070	Steps: 31778	Avg. loss: 0.021785231275156938	Avg. reward: 9.195099999999952	Avg. Q: 2.0505949072989207	Greedinessless: 0.02	Vanilla reward: 2100.000
Episode reward: 29.100	Steps: 32303	Avg. loss: 0.019529198349688116	Avg. reward: 9.450199999999949	Avg. Q: 1.983929710123274	Greedinessless: 0.02	Vanilla reward: 2100.000
Episode reward: 12.620	Steps: 32759	Avg. loss: 0.02142920224567908	Avg. reward: 9.57739999999995	Avg. Q: 1.6867355860290472	Greedinessless: 0.02	Vanilla reward: 1724.000
Episode reward: 26.070	Steps: 33284	Avg. loss: 0.018981854791160335	Avg. reward: 9.848399999999947	Avg. Q: 2.0072478691358415	Greedinessless: 0.02	Vanilla reward: 2100.000
Episode reward: 25.060	Steps: 33809	Avg. loss: 0.02076873055993373	Avg. reward: 10.100799999999946	Avg. Q: 1.9106546871624295	Greedinessless: 0.02	Vanilla reward: 2100.000
Episode reward: 34.150	Steps: 34334	Avg. loss: 0.01974567172352139	Avg. reward: 10.451799999999944	Avg. Q: 2.0755297421273733	Greedinessless: 0.02	Vanilla reward: 2100.000
Episode reward: 24.050	Steps: 34859	Avg. loss: 0.01849637015274804	Avg. reward: 10.694099999999944	Avg. Q: 2.0748754542971413	Greedinessless: 0.02	Vanilla reward: 2100.000
Episode reward: 26.070	Steps: 35384	Avg. loss: 0.019165305667697932	Avg. reward: 10.965099999999941	Avg. Q: 2.1037522053340125	Greedinessless: 0.02	Vanilla reward: 2100.000
Episode reward: 2.130	Steps: 35576	Avg. loss: 0.02039182816709702	Avg. reward: 10.98819999999994	Avg. Q: 2.0327504529721208	Greedinessless: 0.02	Vanilla reward: 668.000
Episode reward: 29.100	Steps: 36101	Avg. loss: 0.02085841755304514	Avg. reward: 11.273299999999939	Avg. Q: 2.177588458363972	Greedinessless: 0.02	Vanilla reward: 2100.000
Episode reward: 26.070	Steps: 36626	Avg. loss: 0.01885490424625348	Avg. reward: 11.518799999999935	Avg. Q: 2.1576388323117817	Greedinessless: 0.02	Vanilla reward: 2100.000
Episode reward: 28.090	Steps: 37151	Avg. loss: 0.020864313955326345	Avg. reward: 11.809199999999933	Avg. Q: 2.1034618512410965	Greedinessless: 0.02	Vanilla reward: 2100.000
Episode reward: 27.080	Steps: 37676	Avg. loss: 0.019431973497072857	Avg. reward: 12.089499999999932	Avg. Q: 2.203559865800161	Greedinessless: 0.02	Vanilla reward: 2100.000
Episode reward: 28.090	Steps: 38201	Avg. loss: 0.02294090908475732	Avg. reward: 12.333699999999931	Avg. Q: 2.1554665198780243	Greedinessless: 0.02	Vanilla reward: 2100.000
Episode reward: 27.080	Steps: 38726	Avg. loss: 0.023531807469246723	Avg. reward: 12.512299999999927	Avg. Q: 2.1701737569248865	Greedinessless: 0.02	Vanilla reward: 2100.000
Episode reward: 30.110	Steps: 39251	Avg. loss: 0.020253465976566076	Avg. reward: 12.814399999999923	Avg. Q: 2.2333242115520298	Greedinessless: 0.02	Vanilla reward: 2100.000
Episode reward: 25.060	Steps: 39776	Avg. loss: 0.02250044427064219	Avg. reward: 13.07449999999992	Avg. Q: 2.2266647625347926	Greedinessless: 0.02	Vanilla reward: 2100.000
Episode reward: 3.060	Steps: 39976	Avg. loss: 0.021603009896352887	Avg. reward: 13.09839999999992	Avg. Q: 1.858419377207756	Greedinessless: 0.02	Vanilla reward: 700.000
Episode reward: 29.100	Steps: 40501	Avg. loss: 0.019843174983526914	Avg. reward: 13.391199999999918	Avg. Q: 2.1658215744911677	Greedinessless: 0.02	Vanilla reward: 2100.000
Episode reward: 25.060	Steps: 41026	Avg. loss: 0.02271775944329059	Avg. reward: 13.575099999999914	Avg. Q: 2.2595680071058726	Greedinessless: 0.02	Vanilla reward: 2100.000
Episode reward: 29.100	Steps: 41551	Avg. loss: 0.01899528924645927	Avg. reward: 13.867899999999912	Avg. Q: 2.3182817319082836	Greedinessless: 0.02	Vanilla reward: 2100.000
Episode reward: 31.120	Steps: 42076	Avg. loss: 0.019948756890230332	Avg. reward: 14.164699999999907	Avg. Q: 2.3521057758634054	Greedinessless: 0.02	Vanilla reward: 2100.000
Episode reward: -1.110	Steps: 42188	Avg. loss: 0.021450536159266318	Avg. reward: 14.146899999999908	Avg. Q: 2.321557858160564	Greedinessless: 0.02	Vanilla reward: 348.000
Episode reward: 25.060	Steps: 42713	Avg. loss: 0.02135971309048415	Avg. reward: 14.398499999999904	Avg. Q: 2.2264628047791737	Greedinessless: 0.02	Vanilla reward: 2100.000
Episode reward: 30.110	Steps: 43238	Avg. loss: 0.017488979112413774	Avg. reward: 14.665299999999903	Avg. Q: 2.3450486911289277	Greedinessless: 0.02	Vanilla reward: 2100.000
Episode reward: 25.060	Steps: 43763	Avg. loss: 0.022320077827427794	Avg. reward: 14.9253999999999	Avg. Q: 2.230362786414131	Greedinessless: 0.02	Vanilla reward: 2100.000
Episode reward: 25.060	Steps: 44288	Avg. loss: 0.02036538843601716	Avg. reward: 15.006199999999899	Avg. Q: 2.285336625651708	Greedinessless: 0.02	Vanilla reward: 2100.000
Episode reward: 30.110	Steps: 44813	Avg. loss: 0.021696302469265256	Avg. reward: 15.268999999999897	Avg. Q: 2.3569147337050667	Greedinessless: 0.02	Vanilla reward: 2100.000
Episode reward: 32.130	Steps: 45338	Avg. loss: 0.0201511092764816	Avg. reward: 15.555199999999893	Avg. Q: 2.319119173231579	Greedinessless: 0.02	Vanilla reward: 2100.000
Episode reward: 34.150	Steps: 45863	Avg. loss: 0.0188555303136356	Avg. reward: 15.89079999999989	Avg. Q: 2.4119557400355265	Greedinessless: 0.02	Vanilla reward: 2100.000
Episode reward: 16.820	Steps: 46303	Avg. loss: 0.02239252288021486	Avg. reward: 15.989099999999887	Avg. Q: 2.1880870148087994	Greedinessless: 0.02	Vanilla reward: 1660.000
Episode reward: 24.050	Steps: 46828	Avg. loss: 0.020605035240860714	Avg. reward: 16.215999999999884	Avg. Q: 2.4221731218459115	Greedinessless: 0.02	Vanilla reward: 2100.000
Episode reward: 22.030	Steps: 47353	Avg. loss: 0.018255349956026286	Avg. reward: 16.430399999999885	Avg. Q: 2.4056543148131597	Greedinessless: 0.02	Vanilla reward: 2100.000
Episode reward: 27.080	Steps: 47878	Avg. loss: 0.018620544863253378	Avg. reward: 16.702999999999882	Avg. Q: 2.4101067999431067	Greedinessless: 0.02	Vanilla reward: 2100.000
Episode reward: 28.090	Steps: 48403	Avg. loss: 0.019176637544118948	Avg. reward: 16.976399999999877	Avg. Q: 2.3888273820422943	Greedinessless: 0.02	Vanilla reward: 2100.000
Episode reward: 11.960	Steps: 48723	Avg. loss: 0.01808874427806586	Avg. reward: 17.09779999999988	Avg. Q: 2.3452405565728744	Greedinessless: 0.02	Vanilla reward: 1180.000
Episode reward: 26.070	Steps: 49248	Avg. loss: 0.017819040359675208	Avg. reward: 17.331099999999875	Avg. Q: 2.4532649589720226	Greedinessless: 0.02	Vanilla reward: 2100.000
Episode reward: 24.050	Steps: 49773	Avg. loss: 0.021250798530478513	Avg. reward: 17.557999999999875	Avg. Q: 2.3889644078602865	Greedinessless: 0.02	Vanilla reward: 2100.000
Episode reward: 34.150	Steps: 50298	Avg. loss: 0.019499089645278703	Avg. reward: 17.899699999999875	Avg. Q: 2.5770003050092667	Greedinessless: 0.02	Vanilla reward: 2100.000
Episode reward: 28.090	Steps: 50823	Avg. loss: 0.020375696771586214	Avg. reward: 18.16249999999987	Avg. Q: 2.556691822627234	Greedinessless: 0.02	Vanilla reward: 2100.000
Episode reward: 10.500	Steps: 51087	Avg. loss: 0.020339878833372935	Avg. reward: 18.25999999999987	Avg. Q: 2.384021108499681	Greedinessless: 0.02	Vanilla reward: 956.000
Episode reward: 24.050	Steps: 51612	Avg. loss: 0.02338408462167012	Avg. reward: 18.486899999999867	Avg. Q: 2.6053133622426836	Greedinessless: 0.02	Vanilla reward: 2100.000
Episode reward: 29.100	Steps: 52137	Avg. loss: 0.020445861224483216	Avg. reward: 18.779699999999867	Avg. Q: 2.617822480353098	Greedinessless: 0.02	Vanilla reward: 2100.000
Episode reward: 31.120	Steps: 52662	Avg. loss: 0.02138086876348514	Avg. reward: 18.97609999999986	Avg. Q: 2.6128989361202906	Greedinessless: 0.02	Vanilla reward: 2100.000
Episode reward: 22.030	Steps: 53187	Avg. loss: 0.01913013044595434	Avg. reward: 19.18969999999986	Avg. Q: 2.5862805333970087	Greedinessless: 0.02	Vanilla reward: 2100.000
Episode reward: 30.110	Steps: 53712	Avg. loss: 0.020651110296250517	Avg. reward: 19.477199999999858	Avg. Q: 2.6056344199559045	Greedinessless: 0.02	Vanilla reward: 2100.000
Episode reward: 23.040	Steps: 54237	Avg. loss: 0.019771313426290987	Avg. reward: 19.709399999999857	Avg. Q: 2.6024563081680783	Greedinessless: 0.02	Vanilla reward: 2100.000
Episode reward: 16.980	Steps: 54661	Avg. loss: 0.0229156699541183	Avg. reward: 19.848599999999852	Avg. Q: 2.444611277595256	Greedinessless: 0.02	Vanilla reward: 1596.000
Episode reward: 22.030	Steps: 55186	Avg. loss: 0.022258429528562395	Avg. reward: 20.062999999999853	Avg. Q: 2.543528973337204	Greedinessless: 0.02	Vanilla reward: 2100.000
Episode reward: 9.010	Steps: 55498	Avg. loss: 0.017645082833508078	Avg. reward: 20.154099999999854	Avg. Q: 2.2994775025763063	Greedinessless: 0.02	Vanilla reward: 1148.000
Episode reward: 7.310	Steps: 55778	Avg. loss: 0.017000951591346944	Avg. reward: 20.136599999999852	Avg. Q: 2.617848375297728	Greedinessless: 0.02	Vanilla reward: 1020.000
Episode reward: 21.020	Steps: 56303	Avg. loss: 0.0207161899862228	Avg. reward: 20.28829999999985	Avg. Q: 2.714179527570331	Greedinessless: 0.02	Vanilla reward: 2100.000
Episode reward: 7.070	Steps: 56607	Avg. loss: 0.02045750122296771	Avg. reward: 20.138699999999854	Avg. Q: 2.3126466258576044	Greedinessless: 0.02	Vanilla reward: 1116.000
Episode reward: 22.030	Steps: 57132	Avg. loss: 0.02406785740150195	Avg. reward: 20.29599999999985	Avg. Q: 2.735459248376271	Greedinessless: 0.02	Vanilla reward: 2100.000
Episode reward: 14.560	Steps: 57596	Avg. loss: 0.021258490230358237	Avg. reward: 20.426399999999852	Avg. Q: 2.6169886865663803	Greedinessless: 0.02	Vanilla reward: 1756.000
Episode reward: 27.080	Steps: 58121	Avg. loss: 0.0205398234112174	Avg. reward: 20.698999999999852	Avg. Q: 2.8143801431050375	Greedinessless: 0.02	Vanilla reward: 2100.000
Episode reward: 23.040	Steps: 58646	Avg. loss: 0.020086344900249523	Avg. reward: 20.82869999999985	Avg. Q: 2.8339968237044317	Greedinessless: 0.02	Vanilla reward: 2100.000
Episode reward: 27.080	Steps: 59171	Avg. loss: 0.020170522343637493	Avg. reward: 21.071299999999848	Avg. Q: 2.92913371986813	Greedinessless: 0.02	Vanilla reward: 2100.000
Episode reward: 27.080	Steps: 59696	Avg. loss: 0.01596751860448752	Avg. reward: 21.34389999999985	Avg. Q: 2.7992338096527827	Greedinessless: 0.02	Vanilla reward: 2100.000
Episode reward: 27.080	Steps: 60221	Avg. loss: 0.02043128320023076	Avg. reward: 21.60719999999985	Avg. Q: 2.8738337737794906	Greedinessless: 0.02	Vanilla reward: 2100.000
Episode reward: 28.090	Steps: 60746	Avg. loss: 0.018641832243750683	Avg. reward: 21.72839999999984	Avg. Q: 2.8725675870501806	Greedinessless: 0.02	Vanilla reward: 2100.000
Episode reward: 26.070	Steps: 61271	Avg. loss: 0.021033006073295616	Avg. reward: 21.75869999999984	Avg. Q: 2.870342256606571	Greedinessless: 0.02	Vanilla reward: 2100.000
Episode reward: 25.060	Steps: 61796	Avg. loss: 0.022865817042519197	Avg. reward: 21.77889999999984	Avg. Q: 2.8218310985111055	Greedinessless: 0.02	Vanilla reward: 2100.000
Episode reward: 4.070	Steps: 61996	Avg. loss: 0.018134086318314077	Avg. reward: 21.71939999999984	Avg. Q: 2.4358254102865855	Greedinessless: 0.02	Vanilla reward: 700.000
Episode reward: 26.070	Steps: 62521	Avg. loss: 0.020582768408482083	Avg. reward: 21.95959999999984	Avg. Q: 2.883446618564545	Greedinessless: 0.02	Vanilla reward: 2100.000
Episode reward: 26.070	Steps: 63046	Avg. loss: 0.02262460539216986	Avg. reward: 21.909099999999835	Avg. Q: 2.9283533481567625	Greedinessless: 0.02	Vanilla reward: 2100.000
Episode reward: 27.080	Steps: 63571	Avg. loss: 0.022386483773446948	Avg. reward: 21.929299999999838	Avg. Q: 2.904048923235091	Greedinessless: 0.02	Vanilla reward: 2100.000
Episode reward: 25.060	Steps: 64096	Avg. loss: 0.0210910805176492	Avg. reward: 22.06719999999984	Avg. Q: 2.9015090977199494	Greedinessless: 0.02	Vanilla reward: 2100.000
Episode reward: 24.050	Steps: 64621	Avg. loss: 0.02471609359770615	Avg. reward: 22.036899999999843	Avg. Q: 2.931803407214937	Greedinessless: 0.02	Vanilla reward: 2100.000
Episode reward: 27.080	Steps: 65146	Avg. loss: 0.025566363904468772	Avg. reward: 22.117199999999844	Avg. Q: 2.9570332530945067	Greedinessless: 0.02	Vanilla reward: 2100.000
Episode reward: 28.090	Steps: 65671	Avg. loss: 0.021879604144931862	Avg. reward: 22.381299999999843	Avg. Q: 2.8856426279128544	Greedinessless: 0.02	Vanilla reward: 2100.000
Episode reward: 28.090	Steps: 66196	Avg. loss: 0.019723419955522386	Avg. reward: 22.65469999999984	Avg. Q: 3.0103956069643534	Greedinessless: 0.02	Vanilla reward: 2100.000
Episode reward: 31.120	Steps: 66721	Avg. loss: 0.02419557958976401	Avg. reward: 22.956799999999834	Avg. Q: 3.022750870008317	Greedinessless: 0.02	Vanilla reward: 2100.000
Episode reward: 25.060	Steps: 67246	Avg. loss: 0.02444885051915891	Avg. reward: 22.90629999999984	Avg. Q: 2.914597566846817	Greedinessless: 0.02	Vanilla reward: 2100.000
Episode reward: 26.070	Steps: 67771	Avg. loss: 0.027153596319329305	Avg. reward: 23.150999999999836	Avg. Q: 3.0593029496026416	Greedinessless: 0.02	Vanilla reward: 2100.000
Episode reward: 24.050	Steps: 68296	Avg. loss: 0.02456350094342435	Avg. reward: 23.287599999999834	Avg. Q: 2.9626091910922336	Greedinessless: 0.02	Vanilla reward: 2100.000
Episode reward: 27.080	Steps: 68821	Avg. loss: 0.03040993876954299	Avg. reward: 23.43349999999983	Avg. Q: 2.9343445407776607	Greedinessless: 0.02	Vanilla reward: 2100.000
Episode reward: 12.120	Steps: 69125	Avg. loss: 0.024524864599745917	Avg. reward: 23.43219999999983	Avg. Q: 2.712237345022068	Greedinessless: 0.02	Vanilla reward: 1116.000
Episode reward: 25.060	Steps: 69650	Avg. loss: 0.02471350143727569	Avg. reward: 23.401899999999827	Avg. Q: 2.9292563090248716	Greedinessless: 0.02	Vanilla reward: 2100.000
Episode reward: 29.100	Steps: 70175	Avg. loss: 0.024632207606741376	Avg. reward: 23.452399999999834	Avg. Q: 2.9748903856580218	Greedinessless: 0.02	Vanilla reward: 2100.000
Episode reward: 22.030	Steps: 70700	Avg. loss: 0.024203190721119896	Avg. reward: 23.401899999999827	Avg. Q: 2.8595104321222458	Greedinessless: 0.02	Vanilla reward: 2100.000
Episode reward: 25.060	Steps: 71225	Avg. loss: 0.023333404924123342	Avg. reward: 23.331199999999832	Avg. Q: 2.9907557747099136	Greedinessless: 0.02	Vanilla reward: 2100.000
Episode reward: 29.100	Steps: 71750	Avg. loss: 0.02506951938333516	Avg. reward: 23.39179999999983	Avg. Q: 2.929001580722748	Greedinessless: 0.02	Vanilla reward: 2100.000
Episode reward: 25.060	Steps: 72275	Avg. loss: 0.02421105001477226	Avg. reward: 23.422099999999833	Avg. Q: 2.937271453161088	Greedinessless: 0.02	Vanilla reward: 2100.000
Episode reward: 30.110	Steps: 72800	Avg. loss: 0.025505806372331626	Avg. reward: 23.607599999999824	Avg. Q: 3.0622292526184567	Greedinessless: 0.02	Vanilla reward: 2100.000
Episode reward: 25.060	Steps: 73325	Avg. loss: 0.02548822666383313	Avg. reward: 23.724799999999817	Avg. Q: 3.0853102019476513	Greedinessless: 0.02	Vanilla reward: 2100.000
Episode reward: 27.080	Steps: 73850	Avg. loss: 0.023653164047406604	Avg. reward: 23.714699999999826	Avg. Q: 3.0519586600197686	Greedinessless: 0.02	Vanilla reward: 2100.000
Episode reward: 21.020	Steps: 74375	Avg. loss: 0.022794128473819668	Avg. reward: 23.78909999999982	Avg. Q: 3.1259470278119283	Greedinessless: 0.02	Vanilla reward: 2100.000
Episode reward: 19.000	Steps: 74900	Avg. loss: 0.022368221240343922	Avg. reward: 23.728499999999826	Avg. Q: 3.0977925020550923	Greedinessless: 0.02	Vanilla reward: 2100.000
Episode reward: 12.010	Steps: 75316	Avg. loss: 0.023706915945065424	Avg. reward: 23.597999999999832	Avg. Q: 2.7470498338150673	Greedinessless: 0.02	Vanilla reward: 1564.000
Episode reward: -0.950	Steps: 75412	Avg. loss: 0.03579445350139091	Avg. reward: 23.28739999999984	Avg. Q: 3.0576925211482577	Greedinessless: 0.02	Vanilla reward: 284.000
Episode reward: 26.070	Steps: 75937	Avg. loss: 0.019963551984516947	Avg. reward: 23.317699999999842	Avg. Q: 3.026285692396618	Greedinessless: 0.02	Vanilla reward: 2100.000
Episode reward: 25.060	Steps: 76462	Avg. loss: 0.02141320965259926	Avg. reward: 23.347999999999843	Avg. Q: 3.038657333737328	Greedinessless: 0.02	Vanilla reward: 2100.000
Episode reward: 0.670	Steps: 76598	Avg. loss: 0.018032020231818453	Avg. reward: 23.134399999999847	Avg. Q: 2.509811860673568	Greedinessless: 0.02	Vanilla reward: 444.000
Episode reward: 29.100	Steps: 77123	Avg. loss: 0.02464162025117237	Avg. reward: 23.272599999999837	Avg. Q: 3.089076746380518	Greedinessless: 0.02	Vanilla reward: 2100.000
Episode reward: 23.040	Steps: 77648	Avg. loss: 0.020133635865270415	Avg. reward: 23.171599999999838	Avg. Q: 3.027819545382545	Greedinessless: 0.02	Vanilla reward: 2100.000
Episode reward: 12.650	Steps: 78000	Avg. loss: 0.022816967758858067	Avg. reward: 23.099599999999842	Avg. Q: 2.847343635830012	Greedinessless: 0.02	Vanilla reward: 1308.000
Episode reward: 23.040	Steps: 78525	Avg. loss: 0.021338260373569853	Avg. reward: 23.11979999999984	Avg. Q: 3.0449619824545726	Greedinessless: 0.02	Vanilla reward: 2100.000
Episode reward: 26.070	Steps: 79050	Avg. loss: 0.025385953585496387	Avg. reward: 23.34669999999984	Avg. Q: 3.0201010840279716	Greedinessless: 0.02	Vanilla reward: 2100.000
Episode reward: 28.090	Steps: 79575	Avg. loss: 0.02567207176977669	Avg. reward: 23.306299999999837	Avg. Q: 3.011312003968254	Greedinessless: 0.02	Vanilla reward: 2100.000
Episode reward: 31.120	Steps: 80100	Avg. loss: 0.02259196377902602	Avg. reward: 23.35679999999984	Avg. Q: 3.1633689691906883	Greedinessless: 0.02	Vanilla reward: 2100.000
Episode reward: 29.100	Steps: 80625	Avg. loss: 0.020723140048474527	Avg. reward: 23.356799999999836	Avg. Q: 3.161191595168341	Greedinessless: 0.02	Vanilla reward: 2100.000
Episode reward: 28.090	Steps: 81150	Avg. loss: 0.028798594356350998	Avg. reward: 23.51149999999983	Avg. Q: 3.116407168706258	Greedinessless: 0.02	Vanilla reward: 2100.000
Episode reward: 21.020	Steps: 81675	Avg. loss: 0.022565492421729873	Avg. reward: 23.46099999999983	Avg. Q: 3.1277939601171583	Greedinessless: 0.02	Vanilla reward: 2100.000
Episode reward: 28.090	Steps: 82200	Avg. loss: 0.027031353272666984	Avg. reward: 23.49129999999983	Avg. Q: 3.1319702192336796	Greedinessless: 0.02	Vanilla reward: 2100.000
Episode reward: 27.080	Steps: 82725	Avg. loss: 0.019681515819073177	Avg. reward: 23.420599999999823	Avg. Q: 3.264975263050624	Greedinessless: 0.02	Vanilla reward: 2100.000
Episode reward: -0.020	Steps: 82829	Avg. loss: 0.03134163096547127	Avg. reward: 23.179899999999826	Avg. Q: 2.6342862844467163	Greedinessless: 0.02	Vanilla reward: 316.000
Episode reward: 24.050	Steps: 83354	Avg. loss: 0.024810359631984972	Avg. reward: 23.15969999999983	Avg. Q: 3.2704929197402226	Greedinessless: 0.02	Vanilla reward: 2100.000
Episode reward: 31.120	Steps: 83879	Avg. loss: 0.0227650418479479	Avg. reward: 23.449599999999826	Avg. Q: 3.313256902997456	Greedinessless: 0.02	Vanilla reward: 2100.000
Episode reward: 29.100	Steps: 84404	Avg. loss: 0.023470273516564208	Avg. reward: 23.449599999999826	Avg. Q: 3.3052826366727315	Greedinessless: 0.02	Vanilla reward: 2100.000
Episode reward: 22.030	Steps: 84929	Avg. loss: 0.022326386761176223	Avg. reward: 23.409199999999824	Avg. Q: 3.236595910692972	Greedinessless: 0.02	Vanilla reward: 2100.000
Episode reward: 26.070	Steps: 85454	Avg. loss: 0.024003668823314988	Avg. reward: 23.388999999999825	Avg. Q: 3.3412560653686523	Greedinessless: 0.02	Vanilla reward: 2100.000
Episode reward: 15.040	Steps: 85870	Avg. loss: 0.02208803710751594	Avg. reward: 23.268599999999818	Avg. Q: 3.0603648000038586	Greedinessless: 0.02	Vanilla reward: 1564.000
Episode reward: 27.080	Steps: 86395	Avg. loss: 0.021875723282884778	Avg. reward: 23.25849999999982	Avg. Q: 3.31176069093129	Greedinessless: 0.02	Vanilla reward: 2100.000
Episode reward: 27.080	Steps: 86920	Avg. loss: 0.030663110266411393	Avg. reward: 23.25849999999982	Avg. Q: 3.4471798023344977	Greedinessless: 0.02	Vanilla reward: 2100.000
Episode reward: 21.020	Steps: 87445	Avg. loss: 0.021076356707752205	Avg. reward: 23.16759999999982	Avg. Q: 3.282768098437597	Greedinessless: 0.02	Vanilla reward: 2100.000
Episode reward: 29.100	Steps: 87970	Avg. loss: 0.03044504447278517	Avg. reward: 23.20799999999982	Avg. Q: 3.3485640407743906	Greedinessless: 0.02	Vanilla reward: 2100.000
Episode reward: 12.890	Steps: 88298	Avg. loss: 0.030985962150891017	Avg. reward: 23.306299999999815	Avg. Q: 3.2231374317552985	Greedinessless: 0.02	Vanilla reward: 1212.000
Episode reward: 24.050	Steps: 88823	Avg. loss: 0.022980865496317393	Avg. reward: 23.255799999999816	Avg. Q: 3.2979315880366733	Greedinessless: 0.02	Vanilla reward: 2100.000
Episode reward: 29.100	Steps: 89348	Avg. loss: 0.02522556932826498	Avg. reward: 23.296199999999814	Avg. Q: 3.382414320991153	Greedinessless: 0.02	Vanilla reward: 2100.000
Episode reward: 24.180	Steps: 89860	Avg. loss: 0.024530593440431403	Avg. reward: 23.246999999999815	Avg. Q: 3.239653771277517	Greedinessless: 0.02	Vanilla reward: 1948.000
Episode reward: 17.990	Steps: 90385	Avg. loss: 0.021864565995784888	Avg. reward: 23.115699999999816	Avg. Q: 3.343900330104525	Greedinessless: 0.02	Vanilla reward: 2100.000
Episode reward: 28.090	Steps: 90910	Avg. loss: 0.02719516058999846	Avg. reward: 23.407699999999817	Avg. Q: 3.3341809911576528	Greedinessless: 0.02	Vanilla reward: 2100.000
Episode reward: 0.750	Steps: 91038	Avg. loss: 0.0249993661273038	Avg. reward: 23.164599999999815	Avg. Q: 3.0504776891320944	Greedinessless: 0.02	Vanilla reward: 412.000
Episode reward: 22.030	Steps: 91563	Avg. loss: 0.023185529952285854	Avg. reward: 23.083799999999822	Avg. Q: 3.3516516773284426	Greedinessless: 0.02	Vanilla reward: 2100.000
Episode reward: 26.070	Steps: 92088	Avg. loss: 0.02557996313694413	Avg. reward: 23.093899999999827	Avg. Q: 3.3504233034830246	Greedinessless: 0.02	Vanilla reward: 2100.000
Episode reward: 30.110	Steps: 92613	Avg. loss: 0.022916275001920134	Avg. reward: 23.14439999999982	Avg. Q: 3.3804274047367158	Greedinessless: 0.02	Vanilla reward: 2100.000
Episode reward: 25.060	Steps: 93138	Avg. loss: 0.019284004302880235	Avg. reward: 23.09389999999982	Avg. Q: 3.426860705330258	Greedinessless: 0.02	Vanilla reward: 2100.000
Episode reward: 22.030	Steps: 93663	Avg. loss: 0.021603705549882796	Avg. reward: 22.99289999999982	Avg. Q: 3.36537925614251	Greedinessless: 0.02	Vanilla reward: 2100.000
Episode reward: 26.070	Steps: 94188	Avg. loss: 0.0253949396657955	Avg. reward: 22.912099999999825	Avg. Q: 3.473914919807797	Greedinessless: 0.02	Vanilla reward: 2100.000
Episode reward: 33.140	Steps: 94713	Avg. loss: 0.026446871260422788	Avg. reward: 23.07529999999982	Avg. Q: 3.3801770426735045	Greedinessless: 0.02	Vanilla reward: 2100.000
Episode reward: 23.040	Steps: 95238	Avg. loss: 0.028436704887119867	Avg. reward: 23.065199999999823	Avg. Q: 3.4110681318858314	Greedinessless: 0.02	Vanilla reward: 2100.000
Episode reward: 6.700	Steps: 95478	Avg. loss: 0.02176866619847715	Avg. reward: 22.91189999999982	Avg. Q: 3.199572541978624	Greedinessless: 0.02	Vanilla reward: 860.000
Episode reward: 21.020	Steps: 96003	Avg. loss: 0.023364250626386578	Avg. reward: 22.851299999999824	Avg. Q: 3.5304913716089157	Greedinessless: 0.02	Vanilla reward: 2100.000
Episode reward: 9.700	Steps: 96347	Avg. loss: 0.02138767903129202	Avg. reward: 22.66739999999983	Avg. Q: 3.3335306778434637	Greedinessless: 0.02	Vanilla reward: 1276.000
Episode reward: 0.750	Steps: 96475	Avg. loss: 0.026742307803942822	Avg. reward: 22.55529999999983	Avg. Q: 3.0249040834605694	Greedinessless: 0.02	Vanilla reward: 412.000
Episode reward: 9.460	Steps: 96843	Avg. loss: 0.026868371571333188	Avg. reward: 22.389199999999832	Avg. Q: 3.275494401437649	Greedinessless: 0.02	Vanilla reward: 1372.000
Episode reward: 26.070	Steps: 97368	Avg. loss: 0.024321641326726724	Avg. reward: 22.409399999999827	Avg. Q: 3.4749012025197348	Greedinessless: 0.02	Vanilla reward: 2100.000
Episode reward: 9.490	Steps: 97632	Avg. loss: 0.029344605303115466	Avg. reward: 22.162799999999834	Avg. Q: 3.178394323948658	Greedinessless: 0.02	Vanilla reward: 956.000
Episode reward: 23.040	Steps: 98157	Avg. loss: 0.02451437065832829	Avg. reward: 22.112299999999838	Avg. Q: 3.506103471725706	Greedinessless: 0.02	Vanilla reward: 2100.000
Episode reward: 21.020	Steps: 98682	Avg. loss: 0.025969046548378606	Avg. reward: 22.217499999999838	Avg. Q: 3.3587505970303972	Greedinessless: 0.02	Vanilla reward: 2100.000
Episode reward: 18.120	Steps: 99194	Avg. loss: 0.026355185986176366	Avg. reward: 22.158199999999834	Avg. Q: 3.3080299898671606	Greedinessless: 0.02	Vanilla reward: 1948.000
Episode reward: 28.090	Steps: 99719	Avg. loss: 0.028679720058553775	Avg. reward: 22.148099999999832	Avg. Q: 3.5255632729000514	Greedinessless: 0.02	Vanilla reward: 2100.000
Episode reward: 26.070	Steps: 100244	Avg. loss: 0.022494654633302354	Avg. reward: 22.09759999999983	Avg. Q: 3.4693647006201367	Greedinessless: 0.02	Vanilla reward: 2100.000

True pts: [284.0, 284.0, 380.0, 380.0, 284.0, 796.0, 380.0, 284.0, 572.0, 284.0, 476.0, 284.0, 380.0, 284.0, 380.0, 284.0, 444.0, 572.0, 284.0, 380.0, 284.0, 380.0, 540.0, 380.0, 380.0, 284.0, 892.0, 348.0, 316.0, 380.0, 284.0, 380.0, 316.0, 380.0, 476.0, 508.0, 284.0, 284.0, 860.0, 1468.0, 348.0, 284.0, 444.0, 380.0, 1276.0, 380.0, 540.0, 444.0, 348.0, 956.0, 284.0, 2100.0, 796.0, 924.0, 476.0, 1148.0, 572.0, 476.0, 380.0, 412.0, 380.0, 828.0, 572.0, 316.0, 796.0, 412.0, 572.0, 380.0, 1372.0, 444.0, 572.0, 380.0, 700.0, 476.0, 348.0, 1532.0, 796.0, 2100.0, 1020.0, 508.0, 380.0, 1532.0, 796.0, 380.0, 412.0, 2100.0, 2100.0, 2100.0, 1148.0, 700.0, 2100.0, 2100.0, 1052.0, 2100.0, 1980.0, 444.0, 412.0, 348.0, 2100.0, 476.0, 1404.0, 1372.0, 1468.0, 2100.0, 2100.0, 2100.0, 2100.0, 2100.0, 2100.0, 1340.0, 1436.0, 2100.0, 1340.0, 2100.0, 2100.0, 2100.0, 2100.0, 2100.0, 2100.0, 1468.0, 2100.0, 1660.0, 2100.0, 572.0, 2100.0, 2100.0, 2100.0, 1724.0, 2100.0, 2100.0, 2100.0, 2100.0, 2100.0, 668.0, 2100.0, 2100.0, 2100.0, 2100.0, 2100.0, 2100.0, 2100.0, 2100.0, 700.0, 2100.0, 2100.0, 2100.0, 2100.0, 348.0, 2100.0, 2100.0, 2100.0, 2100.0, 2100.0, 2100.0, 2100.0, 1660.0, 2100.0, 2100.0, 2100.0, 2100.0, 1180.0, 2100.0, 2100.0, 2100.0, 2100.0, 956.0, 2100.0, 2100.0, 2100.0, 2100.0, 2100.0, 2100.0, 1596.0, 2100.0, 1148.0, 1020.0, 2100.0, 1116.0, 2100.0, 1756.0, 2100.0, 2100.0, 2100.0, 2100.0, 2100.0, 2100.0, 2100.0, 2100.0, 700.0, 2100.0, 2100.0, 2100.0, 2100.0, 2100.0, 2100.0, 2100.0, 2100.0, 2100.0, 2100.0, 2100.0, 2100.0, 2100.0, 1116.0, 2100.0, 2100.0, 2100.0, 2100.0, 2100.0, 2100.0, 2100.0, 2100.0, 2100.0, 2100.0, 2100.0, 1564.0, 284.0, 2100.0, 2100.0, 444.0, 2100.0, 2100.0, 1308.0, 2100.0, 2100.0, 2100.0, 2100.0, 2100.0, 2100.0, 2100.0, 2100.0, 2100.0, 316.0, 2100.0, 2100.0, 2100.0, 2100.0, 2100.0, 1564.0, 2100.0, 2100.0, 2100.0, 2100.0, 1212.0, 2100.0, 2100.0, 1948.0, 2100.0, 2100.0, 412.0, 2100.0, 2100.0, 2100.0, 2100.0, 2100.0, 2100.0, 2100.0, 2100.0, 860.0, 2100.0, 1276.0, 412.0, 1372.0, 2100.0, 956.0, 2100.0, 2100.0, 1948.0, 2100.0, 2100.0] 
Mod pts: [-0.9500000000000006, -0.9500000000000006, -0.18000000000000055, -0.18000000000000055, -0.9500000000000006, 2.820000000000017, -0.18000000000000055, -0.9500000000000006, 1.359999999999999, -0.9500000000000006, 0.589999999999999, -0.9500000000000006, -0.18000000000000066, -0.9500000000000006, -0.18000000000000055, -0.9500000000000006, 0.6699999999999988, 1.360000000000007, -0.9500000000000006, -0.18000000000000066, -0.9500000000000006, -0.18000000000000055, 1.4399999999999986, -0.18000000000000055, -0.18000000000000055, -0.9500000000000006, 3.5900000000000176, -0.10000000000000063, -1.0300000000000007, -0.18000000000000055, -0.9500000000000006, -0.18000000000000055, -1.0300000000000007, -0.1800000000000006, 0.589999999999999, 1.5200000000000085, -0.9500000000000006, -0.9500000000000006, 3.6700000000000195, 9.220000000000061, -0.10000000000000063, -0.9500000000000006, 0.6699999999999988, -0.18000000000000055, 6.670000000000045, -0.18000000000000066, 1.440000000000004, 0.6699999999999988, -0.10000000000000063, 3.43000000000002, -0.9500000000000006, 16.98000000000004, 3.830000000000032, 3.51000000000002, 0.589999999999999, 6.990000000000036, 1.3599999999999985, 0.589999999999999, -0.18000000000000055, 0.7499999999999989, -0.18000000000000055, 2.740000000000025, 1.3600000000000056, -0.020000000000000753, 1.8100000000000047, 0.7499999999999991, 1.360000000000003, -0.18000000000000055, 11.480000000000052, 0.669999999999999, 1.3599999999999988, -0.18000000000000066, 3.0600000000000174, 0.589999999999999, -0.10000000000000063, 9.06000000000007, 5.850000000000036, 22.02999999999992, 6.300000000000039, 1.5200000000000014, -0.18000000000000055, 10.070000000000071, 2.820000000000025, -0.18000000000000055, 0.7499999999999991, 15.970000000000011, 23.03999999999989, 23.039999999999864, 10.02000000000005, 2.050000000000028, 31.119999999999617, 25.059999999999825, 11.270000000000053, 27.079999999999675, 19.04999999999986, 1.6800000000000135, 0.7499999999999991, 0.909999999999999, 30.109999999999825, 1.600000000000013, 10.390000000000066, 12.490000000000068, 12.250000000000057, 28.089999999999776, 24.04999999999989, 27.07999999999968, 32.129999999999676, 23.039999999999857, 22.02999999999984, 11.560000000000061, 13.340000000000066, 28.08999999999967, 13.580000000000066, 25.05999999999979, 25.05999999999973, 30.109999999999673, 23.039999999999747, 22.029999999999692, 22.029999999999834, 15.280000000000015, 33.139999999999674, 19.849999999999778, 21.019999999999772, 3.380000000000029, 32.12999999999967, 26.069999999999805, 29.099999999999763, 12.620000000000058, 26.069999999999695, 25.059999999999796, 34.149999999999814, 24.04999999999992, 26.069999999999784, 2.1300000000000283, 29.099999999999763, 26.069999999999816, 28.089999999999716, 27.07999999999982, 28.089999999999815, 27.0799999999998, 30.109999999999733, 25.059999999999743, 3.0600000000000254, 29.099999999999767, 25.059999999999782, 29.0999999999997, 31.119999999999756, -1.1100000000000008, 25.059999999999803, 30.109999999999708, 25.059999999999846, 25.05999999999968, 30.109999999999637, 32.1299999999997, 34.14999999999972, 16.81999999999987, 24.04999999999972, 22.029999999999866, 27.07999999999977, 28.089999999999762, 11.960000000000054, 26.06999999999978, 24.049999999999937, 34.14999999999987, 28.08999999999972, 10.500000000000044, 24.04999999999975, 29.099999999999724, 31.119999999999692, 22.029999999999863, 30.109999999999715, 23.039999999999683, 16.979999999999812, 22.029999999999944, 9.010000000000044, 7.310000000000038, 21.019999999999843, 7.070000000000055, 22.029999999999905, 14.560000000000088, 27.079999999999675, 23.039999999999885, 27.079999999999842, 27.079999999999764, 27.079999999999835, 28.089999999999804, 26.069999999999787, 25.05999999999988, 4.07000000000003, 26.069999999999833, 26.069999999999766, 27.079999999999725, 25.059999999999896, 24.04999999999978, 27.079999999999785, 28.08999999999973, 28.08999999999971, 31.11999999999968, 25.059999999999842, 26.069999999999656, 24.04999999999986, 27.079999999999824, 12.120000000000053, 25.05999999999977, 29.09999999999969, 22.02999999999983, 25.059999999999857, 29.099999999999756, 25.05999999999984, 30.10999999999971, 25.059999999999857, 27.079999999999785, 21.019999999999875, 18.99999999999983, 12.01000000000007, -0.9500000000000006, 26.06999999999982, 25.05999999999976, 0.6699999999999988, 29.099999999999795, 23.039999999999722, 12.650000000000055, 23.039999999999807, 26.069999999999727, 28.089999999999694, 31.1199999999997, 29.099999999999806, 28.089999999999694, 21.01999999999986, 28.089999999999755, 27.079999999999803, -0.020000000000000753, 24.04999999999981, 31.119999999999703, 29.099999999999735, 22.029999999999895, 26.069999999999826, 15.040000000000049, 27.079999999999696, 27.079999999999828, 21.01999999999981, 29.09999999999968, 12.890000000000057, 24.049999999999688, 29.09999999999984, 24.179999999999676, 17.989999999999856, 28.08999999999978, 0.7499999999999989, 22.029999999999824, 26.069999999999737, 30.10999999999966, 25.059999999999867, 22.02999999999977, 26.069999999999826, 33.13999999999971, 23.039999999999882, 6.700000000000044, 21.019999999999776, 9.70000000000006, 0.7499999999999989, 9.460000000000045, 26.069999999999798, 9.490000000000046, 23.039999999999875, 21.019999999999904, 18.11999999999983, 28.089999999999645, 26.069999999999766]
