Episode reward: 1.360	Steps: 168	Avg. loss: 0.0	Avg. reward: 1.3599999999999988	Avg. Q: 1.0	Greedinessless: 0.85	Vanilla reward: 572.000
Episode reward: -1.030	Steps: 272	Avg. loss: 0.0	Avg. reward: 0.16499999999999904	Avg. Q: 1.0	Greedinessless: 0.7999999999999999	Vanilla reward: 316.000
Episode reward: -0.180	Steps: 392	Avg. loss: 0.0	Avg. reward: 0.04999999999999918	Avg. Q: 1.0	Greedinessless: 0.7499999999999999	Vanilla reward: 380.000
Episode reward: 0.590	Steps: 536	Avg. loss: 0.0	Avg. reward: 0.1849999999999991	Avg. Q: 1.0	Greedinessless: 0.6999999999999998	Vanilla reward: 476.000
Episode reward: -0.950	Steps: 632	Avg. loss: 0.0	Avg. reward: -0.042000000000000835	Avg. Q: 1.0	Greedinessless: 0.6499999999999998	Vanilla reward: 284.000
Episode reward: -0.950	Steps: 728	Avg. loss: 0.0	Avg. reward: -0.19333333333333413	Avg. Q: 1.0	Greedinessless: 0.5999999999999998	Vanilla reward: 284.000
Episode reward: 1.360	Steps: 896	Avg. loss: 0.0	Avg. reward: 0.028571428571428754	Avg. Q: 1.0	Greedinessless: 0.5499999999999997	Vanilla reward: 572.000
Episode reward: 1.360	Steps: 1064	Avg. loss: 0.005324442098753934	Avg. reward: 0.19500000000000003	Avg. Q: 0.9987383493118815	Greedinessless: 0.4999999999999997	Vanilla reward: 572.000
Episode reward: -0.950	Steps: 1160	Avg. loss: 0.005642413654641132	Avg. reward: 0.06777777777777774	Avg. Q: 0.9862730991509225	Greedinessless: 0.44999999999999973	Vanilla reward: 284.000
Episode reward: 0.590	Steps: 1304	Avg. loss: 0.004097617028362619	Avg. reward: 0.11999999999999988	Avg. Q: 0.9844584252547335	Greedinessless: 0.39999999999999974	Vanilla reward: 476.000
Episode reward: -0.950	Steps: 1400	Avg. loss: 0.004357200981341218	Avg. reward: 0.022727272727272565	Avg. Q: 0.9837670481453339	Greedinessless: 0.34999999999999976	Vanilla reward: 284.000
Episode reward: 0.590	Steps: 1544	Avg. loss: 0.0043674299210844465	Avg. reward: 0.06999999999999977	Avg. Q: 0.9823484137930252	Greedinessless: 0.29999999999999977	Vanilla reward: 476.000
Episode reward: -0.950	Steps: 1640	Avg. loss: 0.005236154585342471	Avg. reward: -0.008461538461538725	Avg. Q: 0.9859565707544485	Greedinessless: 0.24999999999999978	Vanilla reward: 284.000
Episode reward: -0.180	Steps: 1760	Avg. loss: 0.006916280200092236	Avg. reward: -0.020714285714286008	Avg. Q: 0.9807797443535593	Greedinessless: 0.1999999999999998	Vanilla reward: 380.000
Episode reward: -0.950	Steps: 1856	Avg. loss: 0.007328078580030706	Avg. reward: -0.08266666666666697	Avg. Q: 0.9824359025806189	Greedinessless: 0.1499999999999998	Vanilla reward: 284.000
Episode reward: -0.180	Steps: 1976	Avg. loss: 0.006605840967101055	Avg. reward: -0.08875000000000033	Avg. Q: 0.979405162566238	Greedinessless: 0.0999999999999998	Vanilla reward: 380.000
Episode reward: 0.590	Steps: 2120	Avg. loss: 0.006607785110418263	Avg. reward: -0.04882352941176508	Avg. Q: 0.9836223057850644	Greedinessless: 0.049999999999999795	Vanilla reward: 476.000
Episode reward: -0.950	Steps: 2216	Avg. loss: 0.007740390044091328	Avg. reward: -0.09888888888888928	Avg. Q: 0.9744320128940873	Greedinessless: 0.02	Vanilla reward: 284.000
Episode reward: -0.950	Steps: 2312	Avg. loss: 0.006383751497385977	Avg. reward: -0.1436842105263162	Avg. Q: 0.9731989575343	Greedinessless: 0.02	Vanilla reward: 284.000
Episode reward: -0.950	Steps: 2408	Avg. loss: 0.00603215126102441	Avg. reward: -0.1840000000000004	Avg. Q: 0.9752257373183966	Greedinessless: 0.02	Vanilla reward: 284.000
Episode reward: -0.950	Steps: 2504	Avg. loss: 0.005084338828586017	Avg. reward: -0.22047619047619088	Avg. Q: 0.9683864226357805	Greedinessless: 0.02	Vanilla reward: 284.000
Episode reward: -0.950	Steps: 2600	Avg. loss: 0.0034651092526019056	Avg. reward: -0.25363636363636405	Avg. Q: 0.9665151399870714	Greedinessless: 0.02	Vanilla reward: 284.000
Episode reward: -0.950	Steps: 2696	Avg. loss: 0.005860793923848935	Avg. reward: -0.2839130434782613	Avg. Q: 0.9607581781844298	Greedinessless: 0.02	Vanilla reward: 284.000
Episode reward: -0.950	Steps: 2792	Avg. loss: 0.003784274178826763	Avg. reward: -0.31166666666666715	Avg. Q: 0.9740863995005687	Greedinessless: 0.02	Vanilla reward: 284.000
Episode reward: -0.950	Steps: 2888	Avg. loss: 0.006790940137041919	Avg. reward: -0.3372000000000005	Avg. Q: 0.9660177183234029	Greedinessless: 0.02	Vanilla reward: 284.000
Episode reward: 3.750	Steps: 3120	Avg. loss: 0.006715261922463783	Avg. reward: -0.17999999999999944	Avg. Q: 0.9636408487955729	Greedinessless: 0.02	Vanilla reward: 828.000
Episode reward: 2.130	Steps: 3312	Avg. loss: 0.006849299834584599	Avg. reward: -0.09444444444444346	Avg. Q: 0.9600383162291514	Greedinessless: 0.02	Vanilla reward: 668.000
Episode reward: 2.820	Steps: 3536	Avg. loss: 0.005672559538002783	Avg. reward: 0.009642857142859063	Avg. Q: 0.9665511272670257	Greedinessless: 0.02	Vanilla reward: 796.000
Episode reward: 0.670	Steps: 3672	Avg. loss: 0.005608332357737441	Avg. reward: 0.0324137931034501	Avg. Q: 0.959587519367536	Greedinessless: 0.02	Vanilla reward: 444.000
Episode reward: -0.100	Steps: 3784	Avg. loss: 0.008285877918491938	Avg. reward: 0.028000000000001735	Avg. Q: 0.9604448216656843	Greedinessless: 0.02	Vanilla reward: 348.000
Episode reward: -0.950	Steps: 3880	Avg. loss: 0.0042698421752902505	Avg. reward: -0.003548387096772535	Avg. Q: 0.9535936760819621	Greedinessless: 0.02	Vanilla reward: 284.000
Episode reward: -0.180	Steps: 4000	Avg. loss: 0.003520556735020364	Avg. reward: -0.00906249999999841	Avg. Q: 0.9467802224887742	Greedinessless: 0.02	Vanilla reward: 380.000
Episode reward: 10.070	Steps: 4408	Avg. loss: 0.006098750991298527	Avg. reward: 0.29636363636364005	Avg. Q: 0.9565618153101478	Greedinessless: 0.02	Vanilla reward: 1532.000
Episode reward: -0.950	Steps: 4504	Avg. loss: 0.005127772361447569	Avg. reward: 0.25970588235294473	Avg. Q: 0.9504257618553109	Greedinessless: 0.02	Vanilla reward: 284.000
Episode reward: -0.950	Steps: 4600	Avg. loss: 0.008545739786616954	Avg. reward: 0.22514285714286056	Avg. Q: 0.9510652799573209	Greedinessless: 0.02	Vanilla reward: 284.000
Episode reward: -0.180	Steps: 4720	Avg. loss: 0.006468457481726849	Avg. reward: 0.2138888888888922	Avg. Q: 0.9905945416953829	Greedinessless: 0.02	Vanilla reward: 380.000
Episode reward: -0.950	Steps: 4816	Avg. loss: 0.004940454307416076	Avg. reward: 0.18243243243243565	Avg. Q: 0.977746525986327	Greedinessless: 0.02	Vanilla reward: 284.000
Episode reward: -0.950	Steps: 4912	Avg. loss: 0.006612405690854454	Avg. reward: 0.15263157894737153	Avg. Q: 0.9547036209454139	Greedinessless: 0.02	Vanilla reward: 284.000
Episode reward: -0.950	Steps: 5008	Avg. loss: 0.0043852157717386335	Avg. reward: 0.12435897435897736	Avg. Q: 0.9228345677256584	Greedinessless: 0.02	Vanilla reward: 284.000
Episode reward: 0.590	Steps: 5152	Avg. loss: 0.006398530454437908	Avg. reward: 0.1360000000000029	Avg. Q: 0.9608411799978327	Greedinessless: 0.02	Vanilla reward: 476.000
Episode reward: 1.520	Steps: 5304	Avg. loss: 0.004782636167108553	Avg. reward: 0.16975609756097854	Avg. Q: 0.9558384376659728	Greedinessless: 0.02	Vanilla reward: 508.000
Episode reward: 8.690	Steps: 5648	Avg. loss: 0.004582901554555107	Avg. reward: 0.3726190476190518	Avg. Q: 0.9346317875870439	Greedinessless: 0.02	Vanilla reward: 1276.000
Episode reward: -0.950	Steps: 5744	Avg. loss: 0.0050904967210954055	Avg. reward: 0.3418604651162831	Avg. Q: 0.9518703501671553	Greedinessless: 0.02	Vanilla reward: 284.000
Episode reward: 0.590	Steps: 5888	Avg. loss: 0.006642438149962497	Avg. reward: 0.3475000000000039	Avg. Q: 0.9442011191061249	Greedinessless: 0.02	Vanilla reward: 476.000
Episode reward: -0.100	Steps: 6000	Avg. loss: 0.0066526281225378625	Avg. reward: 0.3375555555555594	Avg. Q: 0.9104809021311147	Greedinessless: 0.02	Vanilla reward: 348.000
Episode reward: -0.180	Steps: 6120	Avg. loss: 0.006229076566523872	Avg. reward: 0.3263043478260907	Avg. Q: 0.9509354644351535	Greedinessless: 0.02	Vanilla reward: 380.000
Episode reward: 2.980	Steps: 6328	Avg. loss: 0.006485152698027937	Avg. reward: 0.3827659574468127	Avg. Q: 0.9621223893303138	Greedinessless: 0.02	Vanilla reward: 732.000
Episode reward: 1.520	Steps: 6480	Avg. loss: 0.005035587002854108	Avg. reward: 0.40645833333333764	Avg. Q: 0.9355325451806972	Greedinessless: 0.02	Vanilla reward: 508.000
Episode reward: -0.180	Steps: 6600	Avg. loss: 0.006785599720509102	Avg. reward: 0.3944897959183716	Avg. Q: 0.9713361099362373	Greedinessless: 0.02	Vanilla reward: 380.000
Episode reward: -0.180	Steps: 6720	Avg. loss: 0.0055825846497706754	Avg. reward: 0.38300000000000417	Avg. Q: 0.9104531147413784	Greedinessless: 0.02	Vanilla reward: 380.000
Episode reward: 1.360	Steps: 6888	Avg. loss: 0.006955853145059553	Avg. reward: 0.4021568627451021	Avg. Q: 0.9443990252320729	Greedinessless: 0.02	Vanilla reward: 572.000
Episode reward: 1.360	Steps: 7056	Avg. loss: 0.007580995999021633	Avg. reward: 0.42057692307692707	Avg. Q: 0.9521776241442513	Greedinessless: 0.02	Vanilla reward: 572.000
Episode reward: 3.750	Steps: 7288	Avg. loss: 0.005837232626147632	Avg. reward: 0.48339622641509883	Avg. Q: 1.0051395599355644	Greedinessless: 0.02	Vanilla reward: 828.000
Episode reward: -0.950	Steps: 7384	Avg. loss: 0.003909926970663946	Avg. reward: 0.4568518518518563	Avg. Q: 0.9750581108447578	Greedinessless: 0.02	Vanilla reward: 284.000
Episode reward: 4.600	Steps: 7632	Avg. loss: 0.007270991315899957	Avg. reward: 0.532181818181823	Avg. Q: 1.0005304310270535	Greedinessless: 0.02	Vanilla reward: 892.000
Episode reward: 0.670	Steps: 7768	Avg. loss: 0.007407345143078333	Avg. reward: 0.5346428571428619	Avg. Q: 0.9994020651952893	Greedinessless: 0.02	Vanilla reward: 444.000
Episode reward: 1.520	Steps: 7920	Avg. loss: 0.005451161795032309	Avg. reward: 0.5519298245614083	Avg. Q: 1.0050625087399232	Greedinessless: 0.02	Vanilla reward: 508.000
Episode reward: 0.750	Steps: 8048	Avg. loss: 0.006114994769632176	Avg. reward: 0.5553448275862116	Avg. Q: 1.0258760529880722	Greedinessless: 0.02	Vanilla reward: 412.000
Episode reward: -0.950	Steps: 8144	Avg. loss: 0.010972012013856633	Avg. reward: 0.5298305084745809	Avg. Q: 1.0372531014598079	Greedinessless: 0.02	Vanilla reward: 284.000
Episode reward: 10.630	Steps: 8496	Avg. loss: 0.005768672553875314	Avg. reward: 0.6981666666666722	Avg. Q: 1.0278919690260382	Greedinessless: 0.02	Vanilla reward: 1308.000
Episode reward: -0.180	Steps: 8616	Avg. loss: 0.007115787593647838	Avg. reward: 0.6837704918032841	Avg. Q: 0.997226884133286	Greedinessless: 0.02	Vanilla reward: 380.000
Episode reward: -0.180	Steps: 8736	Avg. loss: 0.005835227189042295	Avg. reward: 0.6698387096774246	Avg. Q: 0.9964084186487727	Greedinessless: 0.02	Vanilla reward: 380.000
Episode reward: 0.750	Steps: 8864	Avg. loss: 0.006630244939515251	Avg. reward: 0.6711111111111163	Avg. Q: 1.007941013822953	Greedinessless: 0.02	Vanilla reward: 412.000
Episode reward: 2.370	Steps: 9032	Avg. loss: 0.006107126488738383	Avg. reward: 0.6976562500000055	Avg. Q: 0.9849053002775662	Greedinessless: 0.02	Vanilla reward: 572.000
Episode reward: 0.830	Steps: 9152	Avg. loss: 0.006530678264486293	Avg. reward: 0.6996923076923132	Avg. Q: 1.0248915914032195	Greedinessless: 0.02	Vanilla reward: 380.000
Episode reward: 0.670	Steps: 9288	Avg. loss: 0.008161089240970528	Avg. reward: 0.6992424242424295	Avg. Q: 1.0237727572812754	Greedinessless: 0.02	Vanilla reward: 444.000
Episode reward: 1.600	Steps: 9432	Avg. loss: 0.01012167357516268	Avg. reward: 0.7126865671641847	Avg. Q: 1.0457821390419095	Greedinessless: 0.02	Vanilla reward: 476.000
Episode reward: 2.290	Steps: 9608	Avg. loss: 0.007970824554583734	Avg. reward: 0.735882352941182	Avg. Q: 1.0708016293744247	Greedinessless: 0.02	Vanilla reward: 604.000
Episode reward: 1.360	Steps: 9776	Avg. loss: 0.006408187995908693	Avg. reward: 0.7449275362318896	Avg. Q: 1.0136326392964712	Greedinessless: 0.02	Vanilla reward: 572.000
Episode reward: 1.360	Steps: 9944	Avg. loss: 0.007738266795751683	Avg. reward: 0.7537142857142912	Avg. Q: 1.0497681576581228	Greedinessless: 0.02	Vanilla reward: 572.000
Episode reward: -0.950	Steps: 10040	Avg. loss: 0.005649458752789845	Avg. reward: 0.7297183098591604	Avg. Q: 0.9614368971023295	Greedinessless: 0.02	Vanilla reward: 284.000
Episode reward: -0.100	Steps: 10152	Avg. loss: 0.008111629173591999	Avg. reward: 0.7181944444444498	Avg. Q: 1.037622635918004	Greedinessless: 0.02	Vanilla reward: 348.000
Episode reward: 2.130	Steps: 10344	Avg. loss: 0.006453167525857377	Avg. reward: 0.7375342465753479	Avg. Q: 1.0044095765592322	Greedinessless: 0.02	Vanilla reward: 668.000
Episode reward: 4.840	Steps: 10568	Avg. loss: 0.008059756377146446	Avg. reward: 0.792972972972979	Avg. Q: 1.0905229270990406	Greedinessless: 0.02	Vanilla reward: 796.000
Episode reward: 4.230	Steps: 10752	Avg. loss: 0.007705634034684171	Avg. reward: 0.8388000000000063	Avg. Q: 1.0105999346444572	Greedinessless: 0.02	Vanilla reward: 636.000
Episode reward: 1.360	Steps: 10920	Avg. loss: 0.00733873752289496	Avg. reward: 0.8456578947368483	Avg. Q: 1.031982995569706	Greedinessless: 0.02	Vanilla reward: 572.000
Episode reward: 3.060	Steps: 11120	Avg. loss: 0.007786458807531744	Avg. reward: 0.8744155844155909	Avg. Q: 1.028020211160183	Greedinessless: 0.02	Vanilla reward: 700.000
Episode reward: 0.830	Steps: 11240	Avg. loss: 0.007058309100102633	Avg. reward: 0.8738461538461602	Avg. Q: 1.080656906631258	Greedinessless: 0.02	Vanilla reward: 380.000
Episode reward: 2.210	Steps: 11424	Avg. loss: 0.00668389646022621	Avg. reward: 0.8907594936708926	Avg. Q: 1.093788902396741	Greedinessless: 0.02	Vanilla reward: 636.000
Episode reward: -1.030	Steps: 11528	Avg. loss: 0.005577525784386895	Avg. reward: 0.8667500000000065	Avg. Q: 1.1023863103145208	Greedinessless: 0.02	Vanilla reward: 316.000
Episode reward: -0.180	Steps: 11648	Avg. loss: 0.005171848544462895	Avg. reward: 0.8538271604938334	Avg. Q: 1.0004093983107143	Greedinessless: 0.02	Vanilla reward: 380.000
Episode reward: 1.760	Steps: 11776	Avg. loss: 0.007716224467003485	Avg. reward: 0.8648780487804942	Avg. Q: 1.0545208721111219	Greedinessless: 0.02	Vanilla reward: 412.000
Episode reward: -0.180	Steps: 11896	Avg. loss: 0.007352231885306537	Avg. reward: 0.8522891566265123	Avg. Q: 1.054835709432761	Greedinessless: 0.02	Vanilla reward: 380.000
Episode reward: 2.130	Steps: 12088	Avg. loss: 0.008240521055995487	Avg. reward: 0.8675000000000065	Avg. Q: 1.0259277074494295	Greedinessless: 0.02	Vanilla reward: 668.000
Episode reward: 2.130	Steps: 12280	Avg. loss: 0.008163826103555039	Avg. reward: 0.8823529411764771	Avg. Q: 1.0641200118180778	Greedinessless: 0.02	Vanilla reward: 668.000
Episode reward: 2.770	Steps: 12408	Avg. loss: 0.007290668338100659	Avg. reward: 0.9043023255814021	Avg. Q: 1.144370093010366	Greedinessless: 0.02	Vanilla reward: 412.000
Episode reward: -0.180	Steps: 12528	Avg. loss: 0.0060098366695456205	Avg. reward: 0.8918390804597767	Avg. Q: 0.9924047032992045	Greedinessless: 0.02	Vanilla reward: 380.000
Episode reward: 6.300	Steps: 12808	Avg. loss: 0.00639828327028746	Avg. reward: 0.9532954545454616	Avg. Q: 1.0682283796724819	Greedinessless: 0.02	Vanilla reward: 1020.000
Episode reward: 0.590	Steps: 12952	Avg. loss: 0.00887262903011611	Avg. reward: 0.9492134831460745	Avg. Q: 1.0619214944265507	Greedinessless: 0.02	Vanilla reward: 476.000
Episode reward: 0.590	Steps: 13096	Avg. loss: 0.007811515268662738	Avg. reward: 0.9452222222222293	Avg. Q: 0.9841404829036307	Greedinessless: 0.02	Vanilla reward: 476.000
Episode reward: 0.750	Steps: 13224	Avg. loss: 0.008916036480513867	Avg. reward: 0.94307692307693	Avg. Q: 1.0379884221280615	Greedinessless: 0.02	Vanilla reward: 412.000
Episode reward: 5.080	Steps: 13424	Avg. loss: 0.009055035259807482	Avg. reward: 0.9880434782608767	Avg. Q: 1.1425256221493085	Greedinessless: 0.02	Vanilla reward: 700.000
Episode reward: 2.370	Steps: 13592	Avg. loss: 0.009639585767650888	Avg. reward: 1.002903225806459	Avg. Q: 1.0513434704570543	Greedinessless: 0.02	Vanilla reward: 572.000
Episode reward: 3.590	Steps: 13840	Avg. loss: 0.009356854209345915	Avg. reward: 1.0304255319149012	Avg. Q: 1.0762304545089763	Greedinessless: 0.02	Vanilla reward: 892.000
Episode reward: 4.840	Steps: 14064	Avg. loss: 0.006607446112736527	Avg. reward: 1.0705263157894815	Avg. Q: 1.0923849927882354	Greedinessless: 0.02	Vanilla reward: 796.000
Episode reward: 0.750	Steps: 14192	Avg. loss: 0.009360507010569563	Avg. reward: 1.0671875000000077	Avg. Q: 1.0325935712705057	Greedinessless: 0.02	Vanilla reward: 412.000
Episode reward: -0.950	Steps: 14288	Avg. loss: 0.007806706450840768	Avg. reward: 1.0463917525773272	Avg. Q: 0.9933157904694477	Greedinessless: 0.02	Vanilla reward: 284.000
Episode reward: 10.390	Steps: 14664	Avg. loss: 0.009025988721368002	Avg. reward: 1.1417346938775592	Avg. Q: 1.0975569778300347	Greedinessless: 0.02	Vanilla reward: 1404.000
Episode reward: 2.450	Steps: 14824	Avg. loss: 0.008111737307626755	Avg. reward: 1.1549494949495032	Avg. Q: 1.1229740638285874	Greedinessless: 0.02	Vanilla reward: 540.000
Episode reward: 1.600	Steps: 14968	Avg. loss: 0.005019313376073519	Avg. reward: 1.1594000000000082	Avg. Q: 1.051560915592644	Greedinessless: 0.02	Vanilla reward: 476.000
Episode reward: -0.180	Steps: 15088	Avg. loss: 0.009147136722458527	Avg. reward: 1.1440000000000081	Avg. Q: 1.1050151154398917	Greedinessless: 0.02	Vanilla reward: 380.000
Episode reward: 6.300	Steps: 15368	Avg. loss: 0.007452028658839741	Avg. reward: 1.2173000000000085	Avg. Q: 1.1345354716692653	Greedinessless: 0.02	Vanilla reward: 1020.000
Episode reward: 4.150	Steps: 15560	Avg. loss: 0.008747741005208809	Avg. reward: 1.2606000000000088	Avg. Q: 1.096383303300374	Greedinessless: 0.02	Vanilla reward: 668.000
Episode reward: 4.310	Steps: 15736	Avg. loss: 0.010578195582969453	Avg. reward: 1.2978000000000092	Avg. Q: 1.1438506203844692	Greedinessless: 0.02	Vanilla reward: 604.000
Episode reward: 2.450	Steps: 15896	Avg. loss: 0.009480075005558319	Avg. reward: 1.3318000000000094	Avg. Q: 1.1378981622556845	Greedinessless: 0.02	Vanilla reward: 540.000
Episode reward: 2.660	Steps: 16136	Avg. loss: 0.009096944446597869	Avg. reward: 1.3679000000000097	Avg. Q: 1.1082428182164827	Greedinessless: 0.02	Vanilla reward: 860.000
Episode reward: 23.040	Steps: 16661	Avg. loss: 0.010115282921980754	Avg. reward: 1.5847000000000078	Avg. Q: 1.3335214236804418	Greedinessless: 0.02	Vanilla reward: 2100.000
Episode reward: 19.000	Steps: 17186	Avg. loss: 0.00894224277043445	Avg. reward: 1.7611000000000074	Avg. Q: 1.3778325022213043	Greedinessless: 0.02	Vanilla reward: 2100.000
Episode reward: 14.960	Steps: 17610	Avg. loss: 0.011319176125876114	Avg. reward: 1.9202000000000081	Avg. Q: 1.297812852844502	Greedinessless: 0.02	Vanilla reward: 1596.000
Episode reward: 23.040	Steps: 18135	Avg. loss: 0.011439873291293288	Avg. reward: 2.1447000000000083	Avg. Q: 1.3966842796688987	Greedinessless: 0.02	Vanilla reward: 2100.000
Episode reward: 13.340	Steps: 18519	Avg. loss: 0.011704905843847277	Avg. reward: 2.2876000000000087	Avg. Q: 1.4508444170674517	Greedinessless: 0.02	Vanilla reward: 1436.000
Episode reward: 1.680	Steps: 18655	Avg. loss: 0.012488641269395457	Avg. reward: 2.2985000000000086	Avg. Q: 1.2280086128442895	Greedinessless: 0.02	Vanilla reward: 444.000
Episode reward: 3.060	Steps: 18855	Avg. loss: 0.011101745513733476	Avg. reward: 2.3386000000000093	Avg. Q: 1.2089634448289872	Greedinessless: 0.02	Vanilla reward: 700.000
Episode reward: 18.200	Steps: 19359	Avg. loss: 0.01175455232280203	Avg. reward: 2.5224000000000073	Avg. Q: 1.4802019029619202	Greedinessless: 0.02	Vanilla reward: 1916.000
Episode reward: 21.020	Steps: 19884	Avg. loss: 0.012926427729491314	Avg. reward: 2.742100000000006	Avg. Q: 1.6190234939635746	Greedinessless: 0.02	Vanilla reward: 2100.000
Episode reward: -0.180	Steps: 20004	Avg. loss: 0.013562363975991806	Avg. reward: 2.742100000000006	Avg. Q: 1.1677635528975063	Greedinessless: 0.02	Vanilla reward: 380.000
Episode reward: 22.030	Steps: 20529	Avg. loss: 0.013215515360890226	Avg. reward: 2.956500000000005	Avg. Q: 1.6832803226274158	Greedinessless: 0.02	Vanilla reward: 2100.000
Episode reward: 3.990	Steps: 20737	Avg. loss: 0.016664317392636664	Avg. reward: 3.005900000000005	Avg. Q: 1.3138464433260453	Greedinessless: 0.02	Vanilla reward: 732.000
Episode reward: 11.800	Steps: 21073	Avg. loss: 0.010855710961290501	Avg. reward: 3.1334000000000053	Avg. Q: 1.47834546798988	Greedinessless: 0.02	Vanilla reward: 1244.000
Episode reward: 21.020	Steps: 21598	Avg. loss: 0.012628085238553357	Avg. reward: 3.3531000000000044	Avg. Q: 1.7859328887197707	Greedinessless: 0.02	Vanilla reward: 2100.000
Episode reward: 28.090	Steps: 22123	Avg. loss: 0.014525228380829891	Avg. reward: 3.643500000000001	Avg. Q: 1.7462773147461905	Greedinessless: 0.02	Vanilla reward: 2100.000
Episode reward: 4.840	Steps: 22347	Avg. loss: 0.014155039264421378	Avg. reward: 3.701400000000001	Avg. Q: 1.42221501372045	Greedinessless: 0.02	Vanilla reward: 796.000
Episode reward: 26.070	Steps: 22872	Avg. loss: 0.014609129787211052	Avg. reward: 3.9715999999999987	Avg. Q: 1.7857486579910158	Greedinessless: 0.02	Vanilla reward: 2100.000
Episode reward: 17.430	Steps: 23352	Avg. loss: 0.017303522835330418	Avg. reward: 4.155399999999997	Avg. Q: 1.6448835043029653	Greedinessless: 0.02	Vanilla reward: 1820.000
Episode reward: 20.010	Steps: 23877	Avg. loss: 0.014415264602409291	Avg. reward: 4.364999999999996	Avg. Q: 1.8746857202999176	Greedinessless: 0.02	Vanilla reward: 2100.000
Episode reward: 15.360	Steps: 24261	Avg. loss: 0.016702476284990553	Avg. reward: 4.481099999999995	Avg. Q: 1.616452747852438	Greedinessless: 0.02	Vanilla reward: 1436.000
Episode reward: 31.120	Steps: 24786	Avg. loss: 0.015585988377867878	Avg. reward: 4.770999999999993	Avg. Q: 2.027871564834837	Greedinessless: 0.02	Vanilla reward: 2100.000
Episode reward: 20.010	Steps: 25311	Avg. loss: 0.01602111623146152	Avg. reward: 4.942899999999992	Avg. Q: 1.948749572965834	Greedinessless: 0.02	Vanilla reward: 2100.000
Episode reward: 23.040	Steps: 25836	Avg. loss: 0.01849296750945293	Avg. reward: 5.166599999999992	Avg. Q: 1.8743436606725057	Greedinessless: 0.02	Vanilla reward: 2100.000
Episode reward: 32.130	Steps: 26361	Avg. loss: 0.01667308052006455	Avg. reward: 5.488899999999989	Avg. Q: 2.0811194207933212	Greedinessless: 0.02	Vanilla reward: 2100.000
Episode reward: 26.070	Steps: 26886	Avg. loss: 0.01727187490439085	Avg. reward: 5.759099999999986	Avg. Q: 1.9703888304271395	Greedinessless: 0.02	Vanilla reward: 2100.000
Episode reward: 14.030	Steps: 27302	Avg. loss: 0.019667840271722525	Avg. reward: 5.901199999999986	Avg. Q: 1.7826525803941946	Greedinessless: 0.02	Vanilla reward: 1564.000
Episode reward: 25.060	Steps: 27827	Avg. loss: 0.01591784639802996	Avg. reward: 6.051099999999984	Avg. Q: 2.012292123673454	Greedinessless: 0.02	Vanilla reward: 2100.000
Episode reward: 16.290	Steps: 28219	Avg. loss: 0.015795478376331835	Avg. reward: 6.223499999999982	Avg. Q: 1.7620258966878968	Greedinessless: 0.02	Vanilla reward: 1468.000
Episode reward: 29.100	Steps: 28744	Avg. loss: 0.016493583380272896	Avg. reward: 6.52399999999998	Avg. Q: 1.9702644048418319	Greedinessless: 0.02	Vanilla reward: 2100.000
Episode reward: 14.800	Steps: 29184	Avg. loss: 0.018596614710986614	Avg. reward: 6.6737999999999795	Avg. Q: 2.1184035655675513	Greedinessless: 0.02	Vanilla reward: 1660.000
Episode reward: 26.070	Steps: 29709	Avg. loss: 0.016682051706931177	Avg. reward: 6.943999999999978	Avg. Q: 2.1364424248347205	Greedinessless: 0.02	Vanilla reward: 2100.000
Episode reward: 18.600	Steps: 30173	Avg. loss: 0.01611952193418582	Avg. reward: 7.139499999999978	Avg. Q: 1.7591072338065883	Greedinessless: 0.02	Vanilla reward: 1756.000
Episode reward: 24.050	Steps: 30698	Avg. loss: 0.018092937941684296	Avg. reward: 7.389499999999975	Avg. Q: 2.0023790245585973	Greedinessless: 0.02	Vanilla reward: 2100.000
Episode reward: 14.350	Steps: 31082	Avg. loss: 0.020820605587990332	Avg. reward: 7.527099999999977	Avg. Q: 2.1624412240667477	Greedinessless: 0.02	Vanilla reward: 1436.000
Episode reward: 23.040	Steps: 31607	Avg. loss: 0.0202915245144564	Avg. reward: 7.742299999999974	Avg. Q: 2.0077548699151904	Greedinessless: 0.02	Vanilla reward: 2100.000
Episode reward: 1.440	Steps: 31767	Avg. loss: 0.018308805441483854	Avg. reward: 7.669799999999974	Avg. Q: 1.8609085994462171	Greedinessless: 0.02	Vanilla reward: 540.000
Episode reward: 1.280	Steps: 31943	Avg. loss: 0.01556562658780339	Avg. reward: 7.692099999999974	Avg. Q: 1.908128965533141	Greedinessless: 0.02	Vanilla reward: 604.000
Episode reward: 22.030	Steps: 32468	Avg. loss: 0.020183849190785128	Avg. reward: 7.906499999999973	Avg. Q: 2.0597687191811818	Greedinessless: 0.02	Vanilla reward: 2100.000
Episode reward: 23.040	Steps: 32993	Avg. loss: 0.01737997842995265	Avg. reward: 8.137899999999972	Avg. Q: 2.2097774488963777	Greedinessless: 0.02	Vanilla reward: 2100.000
Episode reward: 22.240	Steps: 33497	Avg. loss: 0.017993993129551647	Avg. reward: 8.362099999999968	Avg. Q: 2.089206420791843	Greedinessless: 0.02	Vanilla reward: 1916.000
Episode reward: 5.160	Steps: 33689	Avg. loss: 0.020514367798265692	Avg. reward: 8.383899999999969	Avg. Q: 1.8894053157418966	Greedinessless: 0.02	Vanilla reward: 668.000
Episode reward: 32.130	Steps: 34214	Avg. loss: 0.017944849057137283	Avg. reward: 8.689999999999966	Avg. Q: 2.3375688824577936	Greedinessless: 0.02	Vanilla reward: 2100.000
Episode reward: 14.720	Steps: 34662	Avg. loss: 0.021898877212411856	Avg. reward: 8.838999999999965	Avg. Q: 2.037556771942902	Greedinessless: 0.02	Vanilla reward: 1692.000
Episode reward: 23.040	Steps: 35187	Avg. loss: 0.01817603031784751	Avg. reward: 9.071199999999966	Avg. Q: 2.350839788951571	Greedinessless: 0.02	Vanilla reward: 2100.000
Episode reward: 14.350	Steps: 35571	Avg. loss: 0.018633398212841712	Avg. reward: 9.201099999999965	Avg. Q: 2.1858480725851326	Greedinessless: 0.02	Vanilla reward: 1436.000
Episode reward: 24.050	Steps: 36096	Avg. loss: 0.0195552141821915	Avg. reward: 9.427999999999964	Avg. Q: 2.4521410569690523	Greedinessless: 0.02	Vanilla reward: 2100.000
Episode reward: 28.090	Steps: 36621	Avg. loss: 0.019420900510069523	Avg. reward: 9.67139999999996	Avg. Q: 2.441179717835926	Greedinessless: 0.02	Vanilla reward: 2100.000
Episode reward: 11.240	Steps: 37013	Avg. loss: 0.0213260419467198	Avg. reward: 9.793299999999961	Avg. Q: 2.472149917260319	Greedinessless: 0.02	Vanilla reward: 1468.000
Episode reward: 27.080	Steps: 37538	Avg. loss: 0.018888238696594728	Avg. reward: 10.01809999999996	Avg. Q: 2.526933690933954	Greedinessless: 0.02	Vanilla reward: 2100.000
Episode reward: 5.850	Steps: 37762	Avg. loss: 0.017587602679018995	Avg. reward: 10.06989999999996	Avg. Q: 2.044041916195835	Greedinessless: 0.02	Vanilla reward: 796.000
Episode reward: 23.040	Steps: 38287	Avg. loss: 0.018618172937506484	Avg. reward: 10.285099999999959	Avg. Q: 2.5275876165571667	Greedinessless: 0.02	Vanilla reward: 2100.000
Episode reward: 28.090	Steps: 38812	Avg. loss: 0.019507208675019105	Avg. reward: 10.558499999999956	Avg. Q: 2.5916195756291587	Greedinessless: 0.02	Vanilla reward: 2100.000
Episode reward: 32.130	Steps: 39337	Avg. loss: 0.021056678050147895	Avg. reward: 10.889299999999952	Avg. Q: 2.5828281101347907	Greedinessless: 0.02	Vanilla reward: 2100.000
Episode reward: 26.070	Steps: 39862	Avg. loss: 0.02079492959528024	Avg. reward: 11.04369999999995	Avg. Q: 2.5821566313789006	Greedinessless: 0.02	Vanilla reward: 2100.000
Episode reward: 26.070	Steps: 40387	Avg. loss: 0.01890983800261587	Avg. reward: 11.306199999999947	Avg. Q: 2.691044001503596	Greedinessless: 0.02	Vanilla reward: 2100.000
Episode reward: 28.090	Steps: 40912	Avg. loss: 0.021022535137352392	Avg. reward: 11.588899999999944	Avg. Q: 2.6371847511473154	Greedinessless: 0.02	Vanilla reward: 2100.000
Episode reward: 30.110	Steps: 41437	Avg. loss: 0.020242594189600636	Avg. reward: 11.882499999999942	Avg. Q: 2.724473543999687	Greedinessless: 0.02	Vanilla reward: 2100.000
Episode reward: 27.080	Steps: 41962	Avg. loss: 0.019684863991267582	Avg. reward: 12.129599999999936	Avg. Q: 2.587009841676742	Greedinessless: 0.02	Vanilla reward: 2100.000
Episode reward: 16.050	Steps: 42378	Avg. loss: 0.022947404547057185	Avg. reward: 12.281799999999937	Avg. Q: 2.363032226952223	Greedinessless: 0.02	Vanilla reward: 1564.000
Episode reward: 14.190	Steps: 42778	Avg. loss: 0.023808160750195383	Avg. reward: 12.416999999999938	Avg. Q: 2.5150097599625587	Greedinessless: 0.02	Vanilla reward: 1500.000
Episode reward: 25.060	Steps: 43303	Avg. loss: 0.0221736153129147	Avg. reward: 12.651599999999934	Avg. Q: 2.679352725876702	Greedinessless: 0.02	Vanilla reward: 2100.000
Episode reward: 12.650	Steps: 43655	Avg. loss: 0.020224314997904003	Avg. reward: 12.755199999999935	Avg. Q: 2.567863941192627	Greedinessless: 0.02	Vanilla reward: 1308.000
Episode reward: 24.050	Steps: 44180	Avg. loss: 0.02432239795576386	Avg. reward: 12.982099999999932	Avg. Q: 2.691185858136132	Greedinessless: 0.02	Vanilla reward: 2100.000
Episode reward: 28.090	Steps: 44705	Avg. loss: 0.021201704465250933	Avg. reward: 13.24939999999993	Avg. Q: 2.7706850313761877	Greedinessless: 0.02	Vanilla reward: 2100.000
Episode reward: -0.180	Steps: 44825	Avg. loss: 0.03283188582087557	Avg. reward: 13.257099999999928	Avg. Q: 1.6271023819843928	Greedinessless: 0.02	Vanilla reward: 380.000
Episode reward: 20.940	Steps: 45257	Avg. loss: 0.019853246273231453	Avg. reward: 13.467499999999927	Avg. Q: 2.3832832238188497	Greedinessless: 0.02	Vanilla reward: 1628.000
Episode reward: 5.850	Steps: 45481	Avg. loss: 0.020267099790674235	Avg. reward: 13.504699999999927	Avg. Q: 2.6510369688982056	Greedinessless: 0.02	Vanilla reward: 796.000
Episode reward: 5.370	Steps: 45753	Avg. loss: 0.02269298067617723	Avg. reward: 13.509999999999929	Avg. Q: 2.3939522199478804	Greedinessless: 0.02	Vanilla reward: 988.000
Episode reward: 25.060	Steps: 46278	Avg. loss: 0.01956118359621472	Avg. reward: 13.718299999999926	Avg. Q: 2.7460077102600584	Greedinessless: 0.02	Vanilla reward: 2100.000
Episode reward: 2.980	Steps: 46486	Avg. loss: 0.021274970369771697	Avg. reward: 13.734499999999926	Avg. Q: 2.5480168268848686	Greedinessless: 0.02	Vanilla reward: 732.000
Episode reward: 1.280	Steps: 46662	Avg. loss: 0.020505413910458712	Avg. reward: 13.716699999999925	Avg. Q: 2.5574562578941835	Greedinessless: 0.02	Vanilla reward: 604.000
Episode reward: 9.010	Steps: 46974	Avg. loss: 0.021150068696349476	Avg. reward: 13.798499999999926	Avg. Q: 2.606990995315405	Greedinessless: 0.02	Vanilla reward: 1148.000
Episode reward: 30.110	Steps: 47499	Avg. loss: 0.02265269381442029	Avg. reward: 14.077499999999922	Avg. Q: 2.7834827743257793	Greedinessless: 0.02	Vanilla reward: 2100.000
Episode reward: 22.030	Steps: 48024	Avg. loss: 0.018151347595972544	Avg. reward: 14.30809999999992	Avg. Q: 2.5856276733913117	Greedinessless: 0.02	Vanilla reward: 2100.000
Episode reward: 31.120	Steps: 48549	Avg. loss: 0.01855229316919132	Avg. reward: 14.621099999999917	Avg. Q: 2.786693849790664	Greedinessless: 0.02	Vanilla reward: 2100.000
Episode reward: 23.040	Steps: 49074	Avg. loss: 0.016723338267517113	Avg. reward: 14.833899999999913	Avg. Q: 2.789990356082008	Greedinessless: 0.02	Vanilla reward: 2100.000
Episode reward: 27.080	Steps: 49599	Avg. loss: 0.018230396737024642	Avg. reward: 15.106499999999912	Avg. Q: 2.862186963747418	Greedinessless: 0.02	Vanilla reward: 2100.000
Episode reward: 0.670	Steps: 49735	Avg. loss: 0.017506791470462784	Avg. reward: 15.091899999999914	Avg. Q: 1.7003575881906585	Greedinessless: 0.02	Vanilla reward: 444.000
Episode reward: 24.050	Steps: 50260	Avg. loss: 0.021983091285536913	Avg. reward: 15.311099999999913	Avg. Q: 2.876893119130816	Greedinessless: 0.02	Vanilla reward: 2100.000
Episode reward: 30.110	Steps: 50785	Avg. loss: 0.019359143571714865	Avg. reward: 15.58449999999991	Avg. Q: 2.919267755841452	Greedinessless: 0.02	Vanilla reward: 2100.000
Episode reward: 25.060	Steps: 51310	Avg. loss: 0.02032821600055251	Avg. reward: 15.836899999999906	Avg. Q: 2.81068498717414	Greedinessless: 0.02	Vanilla reward: 2100.000
Episode reward: 23.410	Steps: 51798	Avg. loss: 0.02095101154447518	Avg. reward: 16.007999999999903	Avg. Q: 2.789862280172077	Greedinessless: 0.02	Vanilla reward: 1852.000
Episode reward: 8.240	Steps: 52086	Avg. loss: 0.018045762586148664	Avg. reward: 16.084499999999903	Avg. Q: 2.3692040857341556	Greedinessless: 0.02	Vanilla reward: 1052.000
Episode reward: 10.420	Steps: 52358	Avg. loss: 0.020030147649402565	Avg. reward: 16.182799999999904	Avg. Q: 2.718479996364491	Greedinessless: 0.02	Vanilla reward: 988.000
Episode reward: 31.120	Steps: 52883	Avg. loss: 0.020030207715160748	Avg. reward: 16.4864999999999	Avg. Q: 2.951332388075571	Greedinessless: 0.02	Vanilla reward: 2100.000
Episode reward: 1.600	Steps: 53027	Avg. loss: 0.02636996245322128	Avg. reward: 16.4516999999999	Avg. Q: 2.333479185899099	Greedinessless: 0.02	Vanilla reward: 476.000
Episode reward: -0.950	Steps: 53123	Avg. loss: 0.023681122751440853	Avg. reward: 16.4184999999999	Avg. Q: 2.3879278413951397	Greedinessless: 0.02	Vanilla reward: 284.000
Episode reward: 27.080	Steps: 53648	Avg. loss: 0.017923901323229074	Avg. reward: 16.6533999999999	Avg. Q: 2.9316355346498035	Greedinessless: 0.02	Vanilla reward: 2100.000
Episode reward: 28.090	Steps: 54173	Avg. loss: 0.021046672965478123	Avg. reward: 16.885899999999893	Avg. Q: 2.9221301426206314	Greedinessless: 0.02	Vanilla reward: 2100.000
Episode reward: 25.060	Steps: 54698	Avg. loss: 0.02032344442799346	Avg. reward: 17.128999999999895	Avg. Q: 2.9217921957893975	Greedinessless: 0.02	Vanilla reward: 2100.000
Episode reward: 30.110	Steps: 55223	Avg. loss: 0.017945010122622698	Avg. reward: 17.439599999999892	Avg. Q: 2.8956633816068136	Greedinessless: 0.02	Vanilla reward: 2100.000
Episode reward: 25.060	Steps: 55748	Avg. loss: 0.021270861944437704	Avg. reward: 17.58629999999989	Avg. Q: 2.8315348556306628	Greedinessless: 0.02	Vanilla reward: 2100.000
Episode reward: 1.360	Steps: 55916	Avg. loss: 0.018421999855144394	Avg. reward: 17.57539999999989	Avg. Q: 2.5093290545637648	Greedinessless: 0.02	Vanilla reward: 572.000
Episode reward: 25.060	Steps: 56441	Avg. loss: 0.020016954959377307	Avg. reward: 17.80999999999989	Avg. Q: 2.872051475388663	Greedinessless: 0.02	Vanilla reward: 2100.000
Episode reward: 0.750	Steps: 56569	Avg. loss: 0.023803075033356436	Avg. reward: 17.81929999999989	Avg. Q: 2.3794163589676223	Greedinessless: 0.02	Vanilla reward: 412.000
Episode reward: 3.910	Steps: 56785	Avg. loss: 0.018751605801905196	Avg. reward: 17.795399999999887	Avg. Q: 2.563252338656673	Greedinessless: 0.02	Vanilla reward: 764.000
Episode reward: -0.180	Steps: 56905	Avg. loss: 0.028568714096521338	Avg. reward: 17.752099999999885	Avg. Q: 2.3586014144950442	Greedinessless: 0.02	Vanilla reward: 380.000
Episode reward: 26.070	Steps: 57430	Avg. loss: 0.02114011212927467	Avg. reward: 17.969699999999886	Avg. Q: 2.933880656560262	Greedinessless: 0.02	Vanilla reward: 2100.000
Episode reward: 24.050	Steps: 57955	Avg. loss: 0.021755401560510614	Avg. reward: 18.185699999999883	Avg. Q: 2.94420914233677	Greedinessless: 0.02	Vanilla reward: 2100.000
Episode reward: 24.050	Steps: 58480	Avg. loss: 0.023843838194752054	Avg. reward: 18.39959999999988	Avg. Q: 2.978245421894013	Greedinessless: 0.02	Vanilla reward: 2100.000
Episode reward: 3.140	Steps: 58672	Avg. loss: 0.023967496231004286	Avg. reward: 18.200599999999884	Avg. Q: 2.792112932023075	Greedinessless: 0.02	Vanilla reward: 668.000
Episode reward: 25.060	Steps: 59197	Avg. loss: 0.02069647753440583	Avg. reward: 18.26119999999988	Avg. Q: 2.8669864715091764	Greedinessless: 0.02	Vanilla reward: 2100.000
Episode reward: 19.690	Steps: 59653	Avg. loss: 0.020553144136149632	Avg. reward: 18.308499999999878	Avg. Q: 2.548072866049775	Greedinessless: 0.02	Vanilla reward: 1724.000
Episode reward: 23.040	Steps: 60178	Avg. loss: 0.02224303217149759	Avg. reward: 18.308499999999874	Avg. Q: 2.636372148990631	Greedinessless: 0.02	Vanilla reward: 2100.000
Episode reward: 35.160	Steps: 60703	Avg. loss: 0.02350208902987474	Avg. reward: 18.526699999999874	Avg. Q: 3.020363079706828	Greedinessless: 0.02	Vanilla reward: 2100.000
Episode reward: 26.070	Steps: 61228	Avg. loss: 0.02314190703415961	Avg. reward: 18.770599999999874	Avg. Q: 2.937991456152901	Greedinessless: 0.02	Vanilla reward: 2100.000
Episode reward: 21.020	Steps: 61753	Avg. loss: 0.024971693718649504	Avg. reward: 18.95019999999987	Avg. Q: 2.77724107333592	Greedinessless: 0.02	Vanilla reward: 2100.000
Episode reward: 27.080	Steps: 62278	Avg. loss: 0.02153397583978549	Avg. reward: 19.03899999999987	Avg. Q: 3.1148889442474124	Greedinessless: 0.02	Vanilla reward: 2100.000
Episode reward: 27.080	Steps: 62803	Avg. loss: 0.020040422087919167	Avg. reward: 19.099599999999867	Avg. Q: 3.0643838107396686	Greedinessless: 0.02	Vanilla reward: 2100.000
Episode reward: 1.680	Steps: 62939	Avg. loss: 0.03175261816667283	Avg. reward: 19.118199999999867	Avg. Q: 2.3567840708237067	Greedinessless: 0.02	Vanilla reward: 444.000
Episode reward: 26.070	Steps: 63464	Avg. loss: 0.022842212082733484	Avg. reward: 19.15859999999987	Avg. Q: 2.983359865006946	Greedinessless: 0.02	Vanilla reward: 2100.000
Episode reward: 27.080	Steps: 63989	Avg. loss: 0.02531599017386218	Avg. reward: 19.389499999999863	Avg. Q: 3.0921362694482957	Greedinessless: 0.02	Vanilla reward: 2100.000
Episode reward: 24.050	Steps: 64514	Avg. loss: 0.02540416432587245	Avg. reward: 19.51199999999986	Avg. Q: 3.0915186258346314	Greedinessless: 0.02	Vanilla reward: 2100.000
Episode reward: 24.050	Steps: 65039	Avg. loss: 0.027240413120229734	Avg. reward: 19.542299999999862	Avg. Q: 3.0561929646749344	Greedinessless: 0.02	Vanilla reward: 2100.000
Episode reward: 25.060	Steps: 65564	Avg. loss: 0.02028950762398767	Avg. reward: 19.511999999999862	Avg. Q: 3.159208048714532	Greedinessless: 0.02	Vanilla reward: 2100.000
Episode reward: 11.720	Steps: 65908	Avg. loss: 0.02305907542210852	Avg. reward: 19.58079999999986	Avg. Q: 3.0387749276881992	Greedinessless: 0.02	Vanilla reward: 1276.000
Episode reward: 25.060	Steps: 66433	Avg. loss: 0.021043088152037776	Avg. reward: 19.57069999999986	Avg. Q: 2.950509740965707	Greedinessless: 0.02	Vanilla reward: 2100.000
Episode reward: 20.010	Steps: 66958	Avg. loss: 0.028522756249281286	Avg. reward: 19.59649999999986	Avg. Q: 3.074929372091142	Greedinessless: 0.02	Vanilla reward: 2100.000
Episode reward: 31.120	Steps: 67483	Avg. loss: 0.024461557164447	Avg. reward: 19.70759999999986	Avg. Q: 3.1349136435796345	Greedinessless: 0.02	Vanilla reward: 2100.000
Episode reward: 2.450	Steps: 67643	Avg. loss: 0.018101187597494572	Avg. reward: 19.57849999999986	Avg. Q: 2.799158733834823	Greedinessless: 0.02	Vanilla reward: 540.000
Episode reward: 28.090	Steps: 68168	Avg. loss: 0.024909439369697462	Avg. reward: 19.548199999999863	Avg. Q: 3.163191122100467	Greedinessless: 0.02	Vanilla reward: 2100.000
Episode reward: 29.100	Steps: 68693	Avg. loss: 0.022482746636196402	Avg. reward: 19.63909999999986	Avg. Q: 3.1029059814271474	Greedinessless: 0.02	Vanilla reward: 2100.000
Episode reward: 31.120	Steps: 69218	Avg. loss: 0.02574684812139919	Avg. reward: 19.719899999999857	Avg. Q: 3.2224411646525066	Greedinessless: 0.02	Vanilla reward: 2100.000
Episode reward: 23.040	Steps: 69743	Avg. loss: 0.023384360457905602	Avg. reward: 19.62899999999986	Avg. Q: 2.7259162851363894	Greedinessless: 0.02	Vanilla reward: 2100.000
Episode reward: 28.090	Steps: 70268	Avg. loss: 0.02769217629931077	Avg. reward: 19.64919999999986	Avg. Q: 3.1426192241244846	Greedinessless: 0.02	Vanilla reward: 2100.000
Episode reward: 28.090	Steps: 70793	Avg. loss: 0.024656927419243423	Avg. reward: 19.789799999999854	Avg. Q: 3.171367074421474	Greedinessless: 0.02	Vanilla reward: 2100.000
Episode reward: -0.100	Steps: 70905	Avg. loss: 0.02629023472711976	Avg. reward: 19.538199999999858	Avg. Q: 2.3035643235558556	Greedinessless: 0.02	Vanilla reward: 348.000
Episode reward: 27.080	Steps: 71430	Avg. loss: 0.02363262485485268	Avg. reward: 19.646099999999855	Avg. Q: 3.1499546096438453	Greedinessless: 0.02	Vanilla reward: 2100.000
Episode reward: 9.010	Steps: 71742	Avg. loss: 0.0306039608310526	Avg. reward: 19.445199999999858	Avg. Q: 2.7435935450415325	Greedinessless: 0.02	Vanilla reward: 1148.000
Episode reward: 29.100	Steps: 72267	Avg. loss: 0.028681478409793314	Avg. reward: 19.588199999999855	Avg. Q: 3.100086158722166	Greedinessless: 0.02	Vanilla reward: 2100.000
Episode reward: 21.020	Steps: 72792	Avg. loss: 0.02432707057221595	Avg. reward: 19.537699999999855	Avg. Q: 3.0592496993049743	Greedinessless: 0.02	Vanilla reward: 2100.000
Episode reward: 22.030	Steps: 73317	Avg. loss: 0.02933240664468808	Avg. reward: 19.571999999999857	Avg. Q: 3.0463369629875063	Greedinessless: 0.02	Vanilla reward: 2100.000
Episode reward: 24.050	Steps: 73842	Avg. loss: 0.036742712626987285	Avg. reward: 19.571999999999854	Avg. Q: 3.1750217248523045	Greedinessless: 0.02	Vanilla reward: 2100.000
Episode reward: 28.090	Steps: 74367	Avg. loss: 0.02634191441968197	Avg. reward: 19.70939999999985	Avg. Q: 3.0134157046060714	Greedinessless: 0.02	Vanilla reward: 2100.000
Episode reward: 26.070	Steps: 74892	Avg. loss: 0.025748176323814376	Avg. reward: 19.739699999999853	Avg. Q: 3.17724577252827	Greedinessless: 0.02	Vanilla reward: 2100.000
Episode reward: 26.070	Steps: 75417	Avg. loss: 0.02437584340849621	Avg. reward: 19.985999999999848	Avg. Q: 3.13984688811832	Greedinessless: 0.02	Vanilla reward: 2100.000
Episode reward: 30.110	Steps: 75942	Avg. loss: 0.02963674391570096	Avg. reward: 20.274299999999847	Avg. Q: 3.207311335215493	Greedinessless: 0.02	Vanilla reward: 2100.000
Episode reward: 28.090	Steps: 76467	Avg. loss: 0.026314626895744382	Avg. reward: 20.334899999999845	Avg. Q: 3.2095135826534693	Greedinessless: 0.02	Vanilla reward: 2100.000
Episode reward: 22.030	Steps: 76992	Avg. loss: 0.025844070037375346	Avg. reward: 20.324799999999843	Avg. Q: 3.162677302966042	Greedinessless: 0.02	Vanilla reward: 2100.000
Episode reward: 21.020	Steps: 77517	Avg. loss: 0.02209479047540035	Avg. reward: 20.312599999999847	Avg. Q: 3.173181904535445	Greedinessless: 0.02	Vanilla reward: 2100.000
Episode reward: 26.070	Steps: 78042	Avg. loss: 0.023474665571942586	Avg. reward: 20.521699999999843	Avg. Q: 3.1689127121274434	Greedinessless: 0.02	Vanilla reward: 2100.000
Episode reward: 32.130	Steps: 78567	Avg. loss: 0.024786811904939077	Avg. reward: 20.521699999999846	Avg. Q: 3.286302634950668	Greedinessless: 0.02	Vanilla reward: 2100.000
Episode reward: 27.080	Steps: 79092	Avg. loss: 0.023092395999948636	Avg. reward: 20.645299999999843	Avg. Q: 3.1890717090122283	Greedinessless: 0.02	Vanilla reward: 2100.000
Episode reward: 25.060	Steps: 79617	Avg. loss: 0.029060355174348098	Avg. reward: 20.66549999999984	Avg. Q: 3.151728985877264	Greedinessless: 0.02	Vanilla reward: 2100.000
Episode reward: 24.050	Steps: 80142	Avg. loss: 0.02656752638916933	Avg. reward: 20.762499999999836	Avg. Q: 3.159049897723728	Greedinessless: 0.02	Vanilla reward: 2100.000
Episode reward: 10.470	Steps: 80510	Avg. loss: 0.019489708047805598	Avg. reward: 20.626699999999836	Avg. Q: 2.819832816180112	Greedinessless: 0.02	Vanilla reward: 1372.000
Episode reward: 22.030	Steps: 81035	Avg. loss: 0.025874348229351845	Avg. reward: 20.56609999999984	Avg. Q: 3.287959370386033	Greedinessless: 0.02	Vanilla reward: 2100.000
Episode reward: -0.950	Steps: 81131	Avg. loss: 0.02402572250381733	Avg. reward: 20.44419999999984	Avg. Q: 2.6063118303815522	Greedinessless: 0.02	Vanilla reward: 284.000
Episode reward: 13.950	Steps: 81555	Avg. loss: 0.022895820140135737	Avg. reward: 20.31289999999984	Avg. Q: 3.028196544954612	Greedinessless: 0.02	Vanilla reward: 1596.000
Episode reward: 21.020	Steps: 82080	Avg. loss: 0.027051946049499693	Avg. reward: 20.464599999999837	Avg. Q: 3.1428743619767445	Greedinessless: 0.02	Vanilla reward: 2100.000
Episode reward: 27.080	Steps: 82605	Avg. loss: 0.027711934186091632	Avg. reward: 20.504999999999836	Avg. Q: 3.1748238763355072	Greedinessless: 0.02	Vanilla reward: 2100.000
Episode reward: 12.490	Steps: 82973	Avg. loss: 0.026340303679361292	Avg. reward: 20.34899999999984	Avg. Q: 3.1834371594199236	Greedinessless: 0.02	Vanilla reward: 1372.000
Episode reward: 2.130	Steps: 83165	Avg. loss: 0.02242206846131012	Avg. reward: 20.048999999999847	Avg. Q: 2.915656420091788	Greedinessless: 0.02	Vanilla reward: 668.000
Episode reward: 26.070	Steps: 83690	Avg. loss: 0.02417645847623926	Avg. reward: 20.04899999999985	Avg. Q: 3.211900595331949	Greedinessless: 0.02	Vanilla reward: 2100.000
Episode reward: 22.030	Steps: 84215	Avg. loss: 0.02320312724612255	Avg. reward: 20.008599999999852	Avg. Q: 3.23513307964991	Greedinessless: 0.02	Vanilla reward: 2100.000
Episode reward: 25.060	Steps: 84740	Avg. loss: 0.02947591325606812	Avg. reward: 19.978299999999855	Avg. Q: 3.3380554013782078	Greedinessless: 0.02	Vanilla reward: 2100.000
Episode reward: 21.020	Steps: 85265	Avg. loss: 0.029684522768610534	Avg. reward: 19.887399999999857	Avg. Q: 3.2510955482815938	Greedinessless: 0.02	Vanilla reward: 2100.000
Episode reward: 14.880	Steps: 85697	Avg. loss: 0.026342454944150866	Avg. reward: 19.765399999999858	Avg. Q: 3.046017765354963	Greedinessless: 0.02	Vanilla reward: 1628.000
Episode reward: 22.030	Steps: 86222	Avg. loss: 0.028657876683811423	Avg. reward: 19.82519999999986	Avg. Q: 3.2642884502713643	Greedinessless: 0.02	Vanilla reward: 2100.000
Episode reward: 10.950	Steps: 86542	Avg. loss: 0.020995967084309085	Avg. reward: 19.792799999999858	Avg. Q: 2.98121766547362	Greedinessless: 0.02	Vanilla reward: 1180.000
Episode reward: 16.050	Steps: 86958	Avg. loss: 0.026215526539509974	Avg. reward: 19.702699999999858	Avg. Q: 3.1306041246041274	Greedinessless: 0.02	Vanilla reward: 1564.000
Episode reward: 20.010	Steps: 87483	Avg. loss: 0.024264125405803662	Avg. reward: 19.77629999999986	Avg. Q: 3.4082048868754553	Greedinessless: 0.02	Vanilla reward: 2100.000
Episode reward: 12.090	Steps: 87891	Avg. loss: 0.02131989003414763	Avg. reward: 19.656699999999862	Avg. Q: 3.1692778878157437	Greedinessless: 0.02	Vanilla reward: 1532.000
Episode reward: -0.950	Steps: 87987	Avg. loss: 0.023339868561985593	Avg. reward: 19.366299999999864	Avg. Q: 2.992542812393771	Greedinessless: 0.02	Vanilla reward: 284.000
Episode reward: 20.010	Steps: 88512	Avg. loss: 0.020473235029247448	Avg. reward: 19.568199999999862	Avg. Q: 3.5051098470839244	Greedinessless: 0.02	Vanilla reward: 2100.000
Episode reward: 20.010	Steps: 89037	Avg. loss: 0.02809307814881433	Avg. reward: 19.558899999999866	Avg. Q: 3.4443527120257182	Greedinessless: 0.02	Vanilla reward: 2100.000
Episode reward: 23.040	Steps: 89562	Avg. loss: 0.021269009921358516	Avg. reward: 19.730799999999864	Avg. Q: 3.500672168428936	Greedinessless: 0.02	Vanilla reward: 2100.000
Episode reward: -0.100	Steps: 89674	Avg. loss: 0.033400810889101455	Avg. reward: 19.676099999999863	Avg. Q: 3.1795363617794856	Greedinessless: 0.02	Vanilla reward: 348.000
Episode reward: 23.040	Steps: 90199	Avg. loss: 0.02558149946569145	Avg. reward: 19.655899999999864	Avg. Q: 3.3509128486542474	Greedinessless: 0.02	Vanilla reward: 2100.000
Episode reward: 0.750	Steps: 90327	Avg. loss: 0.03184245990996715	Avg. reward: 19.633599999999866	Avg. Q: 2.7640379033982754	Greedinessless: 0.02	Vanilla reward: 412.000
Episode reward: 4.840	Steps: 90551	Avg. loss: 0.02438011358857953	Avg. reward: 19.669199999999865	Avg. Q: 3.3174526547747	Greedinessless: 0.02	Vanilla reward: 796.000
Episode reward: 28.090	Steps: 91076	Avg. loss: 0.02933613213385935	Avg. reward: 19.859999999999864	Avg. Q: 3.3860418215252106	Greedinessless: 0.02	Vanilla reward: 2100.000
Episode reward: 16.980	Steps: 91601	Avg. loss: 0.024726777547216826	Avg. reward: 19.72869999999987	Avg. Q: 3.7565638165246873	Greedinessless: 0.02	Vanilla reward: 2100.000
Episode reward: 27.080	Steps: 92126	Avg. loss: 0.026731706601176554	Avg. reward: 19.779199999999868	Avg. Q: 3.686222528578743	Greedinessless: 0.02	Vanilla reward: 2100.000
Episode reward: 27.080	Steps: 92651	Avg. loss: 0.025568966988388817	Avg. reward: 19.73879999999987	Avg. Q: 3.6526891148279583	Greedinessless: 0.02	Vanilla reward: 2100.000
Episode reward: 25.060	Steps: 93176	Avg. loss: 0.028058817440813236	Avg. reward: 19.758999999999865	Avg. Q: 3.683372277002486	Greedinessless: 0.02	Vanilla reward: 2100.000
Episode reward: 30.110	Steps: 93701	Avg. loss: 0.025986344990754175	Avg. reward: 19.789299999999866	Avg. Q: 3.794436473240928	Greedinessless: 0.02	Vanilla reward: 2100.000
Episode reward: 29.100	Steps: 94226	Avg. loss: 0.025426947086949953	Avg. reward: 20.073599999999864	Avg. Q: 3.8606867955222963	Greedinessless: 0.02	Vanilla reward: 2100.000
Episode reward: 24.050	Steps: 94751	Avg. loss: 0.021774736947543522	Avg. reward: 20.073599999999864	Avg. Q: 3.655911187368726	Greedinessless: 0.02	Vanilla reward: 2100.000
Episode reward: 19.000	Steps: 95276	Avg. loss: 0.028370817227176194	Avg. reward: 19.96249999999986	Avg. Q: 3.628244315253364	Greedinessless: 0.02	Vanilla reward: 2100.000
Episode reward: 23.040	Steps: 95801	Avg. loss: 0.03478257807028544	Avg. reward: 19.942299999999864	Avg. Q: 3.6071067293863446	Greedinessless: 0.02	Vanilla reward: 2100.000
Episode reward: 22.030	Steps: 96326	Avg. loss: 0.030349737548674562	Avg. reward: 19.92849999999986	Avg. Q: 3.609989135757325	Greedinessless: 0.02	Vanilla reward: 2100.000
Episode reward: 27.080	Steps: 96851	Avg. loss: 0.028606198912927212	Avg. reward: 20.11689999999986	Avg. Q: 3.8684004264407688	Greedinessless: 0.02	Vanilla reward: 2100.000
Episode reward: 1.360	Steps: 97019	Avg. loss: 0.03151512121604312	Avg. reward: 20.026299999999864	Avg. Q: 3.0328098398352425	Greedinessless: 0.02	Vanilla reward: 572.000
Episode reward: 28.090	Steps: 97544	Avg. loss: 0.027221310421626902	Avg. reward: 19.995999999999864	Avg. Q: 3.8129345883263484	Greedinessless: 0.02	Vanilla reward: 2100.000
Episode reward: 21.150	Steps: 98056	Avg. loss: 0.025617437793698628	Avg. reward: 20.191499999999863	Avg. Q: 3.6492843128119907	Greedinessless: 0.02	Vanilla reward: 1948.000
Episode reward: 26.070	Steps: 98581	Avg. loss: 0.024931318197712188	Avg. reward: 20.46169999999986	Avg. Q: 3.8521871046036007	Greedinessless: 0.02	Vanilla reward: 2100.000
Episode reward: 25.060	Steps: 99106	Avg. loss: 0.02654881257108832	Avg. reward: 20.441499999999856	Avg. Q: 3.8286403686281236	Greedinessless: 0.02	Vanilla reward: 2100.000
Episode reward: 0.830	Steps: 99226	Avg. loss: 0.02536297474677364	Avg. reward: 20.16889999999986	Avg. Q: 3.3418902304437426	Greedinessless: 0.02	Vanilla reward: 380.000
Episode reward: 28.090	Steps: 99751	Avg. loss: 0.03435439378990017	Avg. reward: 20.199199999999855	Avg. Q: 3.928881939176529	Greedinessless: 0.02	Vanilla reward: 2100.000
Episode reward: 22.030	Steps: 100276	Avg. loss: 0.02622884302047279	Avg. reward: 20.118399999999856	Avg. Q: 3.8112300355093818	Greedinessless: 0.02	Vanilla reward: 2100.000

True pts: [572.0, 316.0, 380.0, 476.0, 284.0, 284.0, 572.0, 572.0, 284.0, 476.0, 284.0, 476.0, 284.0, 380.0, 284.0, 380.0, 476.0, 284.0, 284.0, 284.0, 284.0, 284.0, 284.0, 284.0, 284.0, 828.0, 668.0, 796.0, 444.0, 348.0, 284.0, 380.0, 1532.0, 284.0, 284.0, 380.0, 284.0, 284.0, 284.0, 476.0, 508.0, 1276.0, 284.0, 476.0, 348.0, 380.0, 732.0, 508.0, 380.0, 380.0, 572.0, 572.0, 828.0, 284.0, 892.0, 444.0, 508.0, 412.0, 284.0, 1308.0, 380.0, 380.0, 412.0, 572.0, 380.0, 444.0, 476.0, 604.0, 572.0, 572.0, 284.0, 348.0, 668.0, 796.0, 636.0, 572.0, 700.0, 380.0, 636.0, 316.0, 380.0, 412.0, 380.0, 668.0, 668.0, 412.0, 380.0, 1020.0, 476.0, 476.0, 412.0, 700.0, 572.0, 892.0, 796.0, 412.0, 284.0, 1404.0, 540.0, 476.0, 380.0, 1020.0, 668.0, 604.0, 540.0, 860.0, 2100.0, 2100.0, 1596.0, 2100.0, 1436.0, 444.0, 700.0, 1916.0, 2100.0, 380.0, 2100.0, 732.0, 1244.0, 2100.0, 2100.0, 796.0, 2100.0, 1820.0, 2100.0, 1436.0, 2100.0, 2100.0, 2100.0, 2100.0, 2100.0, 1564.0, 2100.0, 1468.0, 2100.0, 1660.0, 2100.0, 1756.0, 2100.0, 1436.0, 2100.0, 540.0, 604.0, 2100.0, 2100.0, 1916.0, 668.0, 2100.0, 1692.0, 2100.0, 1436.0, 2100.0, 2100.0, 1468.0, 2100.0, 796.0, 2100.0, 2100.0, 2100.0, 2100.0, 2100.0, 2100.0, 2100.0, 2100.0, 1564.0, 1500.0, 2100.0, 1308.0, 2100.0, 2100.0, 380.0, 1628.0, 796.0, 988.0, 2100.0, 732.0, 604.0, 1148.0, 2100.0, 2100.0, 2100.0, 2100.0, 2100.0, 444.0, 2100.0, 2100.0, 2100.0, 1852.0, 1052.0, 988.0, 2100.0, 476.0, 284.0, 2100.0, 2100.0, 2100.0, 2100.0, 2100.0, 572.0, 2100.0, 412.0, 764.0, 380.0, 2100.0, 2100.0, 2100.0, 668.0, 2100.0, 1724.0, 2100.0, 2100.0, 2100.0, 2100.0, 2100.0, 2100.0, 444.0, 2100.0, 2100.0, 2100.0, 2100.0, 2100.0, 1276.0, 2100.0, 2100.0, 2100.0, 540.0, 2100.0, 2100.0, 2100.0, 2100.0, 2100.0, 2100.0, 348.0, 2100.0, 1148.0, 2100.0, 2100.0, 2100.0, 2100.0, 2100.0, 2100.0, 2100.0, 2100.0, 2100.0, 2100.0, 2100.0, 2100.0, 2100.0, 2100.0, 2100.0, 2100.0, 1372.0, 2100.0, 284.0, 1596.0, 2100.0, 2100.0, 1372.0, 668.0, 2100.0, 2100.0, 2100.0, 2100.0, 1628.0, 2100.0, 1180.0, 1564.0, 2100.0, 1532.0, 284.0, 2100.0, 2100.0, 2100.0, 348.0, 2100.0, 412.0, 796.0, 2100.0, 2100.0, 2100.0, 2100.0, 2100.0, 2100.0, 2100.0, 2100.0, 2100.0, 2100.0, 2100.0, 2100.0, 572.0, 2100.0, 1948.0, 2100.0, 2100.0, 380.0, 2100.0, 2100.0] 
Mod pts: [1.3599999999999988, -1.0300000000000007, -0.18000000000000055, 0.589999999999999, -0.9500000000000006, -0.9500000000000006, 1.360000000000006, 1.359999999999999, -0.9500000000000006, 0.5899999999999992, -0.9500000000000006, 0.589999999999999, -0.9500000000000006, -0.18000000000000066, -0.9500000000000006, -0.18000000000000055, 0.589999999999999, -0.9500000000000006, -0.9500000000000006, -0.9500000000000006, -0.9500000000000006, -0.9500000000000006, -0.9500000000000006, -0.9500000000000006, -0.9500000000000006, 3.7500000000000266, 2.1300000000000123, 2.820000000000027, 0.669999999999999, -0.10000000000000074, -0.9500000000000006, -0.18000000000000055, 10.070000000000071, -0.9500000000000006, -0.9500000000000006, -0.18000000000000066, -0.9500000000000006, -0.9500000000000006, -0.9500000000000006, 0.589999999999999, 1.5200000000000045, 8.690000000000055, -0.9500000000000006, 0.589999999999999, -0.10000000000000063, -0.1800000000000006, 2.9800000000000244, 1.5200000000000093, -0.18000000000000055, -0.18000000000000066, 1.3599999999999988, 1.3600000000000003, 3.750000000000033, -0.9500000000000006, 4.600000000000028, 0.669999999999999, 1.5200000000000067, 0.7499999999999989, -0.9500000000000006, 10.630000000000054, -0.18000000000000066, -0.18000000000000055, 0.7499999999999989, 2.3700000000000236, 0.829999999999999, 0.6699999999999992, 1.600000000000013, 2.2900000000000036, 1.3600000000000034, 1.3600000000000056, -0.9500000000000006, -0.10000000000000063, 2.13000000000002, 4.840000000000037, 4.23000000000003, 1.3599999999999988, 3.0600000000000236, 0.829999999999999, 2.2100000000000164, -1.0300000000000007, -0.18000000000000066, 1.7600000000000158, -0.18000000000000066, 2.130000000000021, 2.1300000000000154, 2.7700000000000236, -0.18000000000000055, 6.300000000000048, 0.589999999999999, 0.589999999999999, 0.7499999999999989, 5.08000000000003, 2.370000000000025, 3.5900000000000283, 4.840000000000034, 0.7499999999999989, -0.9500000000000006, 10.390000000000061, 2.4500000000000233, 1.600000000000012, -0.18000000000000055, 6.3000000000000425, 4.150000000000028, 4.31000000000003, 2.450000000000022, 2.6600000000000152, 23.039999999999825, 18.999999999999957, 14.96000000000006, 23.039999999999992, 13.340000000000067, 1.680000000000014, 3.06000000000003, 18.199999999999836, 21.01999999999988, -0.18000000000000077, 22.02999999999986, 3.990000000000034, 11.800000000000058, 21.01999999999986, 28.089999999999687, 4.840000000000037, 26.069999999999787, 17.429999999999765, 20.009999999999913, 15.360000000000001, 31.119999999999674, 20.009999999999927, 23.039999999999967, 32.129999999999704, 26.069999999999688, 14.030000000000072, 25.05999999999987, 16.289999999999875, 29.09999999999969, 14.80000000000007, 26.069999999999865, 18.599999999999863, 24.049999999999823, 14.350000000000053, 23.03999999999983, 1.4400000000000084, 1.28000000000001, 22.029999999999887, 23.03999999999983, 22.23999999999969, 5.160000000000032, 32.129999999999725, 14.720000000000077, 23.03999999999993, 14.350000000000062, 24.049999999999795, 28.089999999999666, 11.240000000000066, 27.079999999999803, 5.850000000000041, 23.039999999999853, 28.089999999999705, 32.12999999999976, 26.069999999999723, 26.06999999999978, 28.089999999999733, 30.109999999999655, 27.079999999999693, 16.049999999999876, 14.190000000000072, 25.059999999999757, 12.650000000000063, 24.049999999999812, 28.08999999999971, -0.18000000000000055, 20.939999999999753, 5.850000000000039, 5.3700000000000365, 25.059999999999825, 2.9800000000000293, 1.2800000000000065, 9.010000000000051, 30.109999999999783, 22.02999999999978, 31.11999999999964, 23.039999999999832, 27.079999999999817, 0.669999999999999, 24.04999999999988, 30.109999999999733, 25.059999999999658, 23.409999999999673, 8.24000000000005, 10.420000000000043, 31.11999999999961, 1.600000000000012, -0.9500000000000006, 27.07999999999982, 28.089999999999755, 25.059999999999874, 30.10999999999981, 25.059999999999903, 1.3600000000000003, 25.059999999999764, 0.7499999999999991, 3.910000000000032, -0.18000000000000066, 26.06999999999981, 24.049999999999855, 24.049999999999766, 3.1400000000000308, 25.05999999999968, 19.68999999999976, 23.039999999999733, 35.15999999999983, 26.06999999999991, 21.019999999999808, 27.079999999999774, 27.079999999999806, 1.6800000000000144, 26.06999999999974, 27.079999999999707, 24.049999999999784, 24.049999999999866, 25.059999999999782, 11.720000000000056, 25.0599999999998, 20.01000000000001, 31.11999999999966, 2.4500000000000255, 28.089999999999822, 29.099999999999657, 31.11999999999965, 23.03999999999971, 28.08999999999983, 28.08999999999972, -0.10000000000000063, 27.07999999999973, 9.010000000000042, 29.099999999999678, 21.019999999999893, 22.0299999999999, 24.049999999999763, 28.0899999999998, 26.069999999999794, 26.069999999999744, 30.109999999999776, 28.089999999999733, 22.02999999999987, 21.019999999999765, 26.069999999999855, 32.12999999999974, 27.07999999999981, 25.05999999999982, 24.049999999999805, 10.47000000000006, 22.029999999999863, -0.9500000000000006, 13.950000000000077, 21.019999999999893, 27.079999999999714, 12.490000000000064, 2.1300000000000083, 26.069999999999826, 22.029999999999866, 25.059999999999874, 21.019999999999744, 14.880000000000079, 22.029999999999855, 10.950000000000054, 16.049999999999873, 20.009999999999977, 12.090000000000064, -0.9500000000000006, 20.009999999999977, 20.009999999999906, 23.03999999999987, -0.10000000000000063, 23.039999999999843, 0.7499999999999991, 4.840000000000041, 28.08999999999983, 16.980000000000015, 27.079999999999767, 27.079999999999853, 25.059999999999818, 30.109999999999786, 29.099999999999692, 24.049999999999834, 19.000000000000025, 23.03999999999977, 22.02999999999985, 27.07999999999986, 1.36000000000001, 28.08999999999965, 21.149999999999675, 26.06999999999977, 25.05999999999982, 0.8299999999999992, 28.089999999999733, 22.02999999999974]
